     0.000       0.99999993      0.00000007
     0.200       0.99999993      0.00000007
     0.400       0.99999992      0.00000008
     0.600       0.99999992      0.00000008
     0.800       0.99999991      0.00000009
     1.000       0.99999991      0.00000009
     1.200       0.99999990      0.00000010
     1.400       0.99999989      0.00000011
     1.600       0.99999988      0.00000012
     1.800       0.99999987      0.00000013
     2.000       0.99999986      0.00000014
     2.200       0.99999985      0.00000015
     2.400       0.99999984      0.00000016
     2.600       0.99999983      0.00000017
     2.800       0.99999981      0.00000019
     3.000       0.99999980      0.00000020
     3.200       0.99999978      0.00000022
     3.400       0.99999977      0.00000023
     3.600       0.99999975      0.00000025
     3.800       0.99999973      0.00000027
     4.000       0.99999971      0.00000029
     4.200       0.99999969      0.00000031
     4.400       0.99999966      0.00000034
     4.600       0.99999964      0.00000036
     4.800       0.99999961      0.00000039
     5.000       0.99999958      0.00000042
     5.200       0.99999955      0.00000045
     5.400       0.99999951      0.00000049
     5.600       0.99999948      0.00000052
     5.800       0.99999944      0.00000056
     6.000       0.99999939      0.00000061
     6.200       0.99999935      0.00000065
     6.400       0.99999929      0.00000071
     6.600       0.99999924      0.00000076
     6.800       0.99999918      0.00000082
     7.000       0.99999912      0.00000088
     7.200       0.99999905      0.00000095
     7.400       0.99999898      0.00000102
     7.600       0.99999890      0.00000110
     7.800       0.99999881      0.00000119
     8.000       0.99999872      0.00000128
     8.200       0.99999863      0.00000137
     8.400       0.99999852      0.00000148
     8.600       0.99999840      0.00000160
     8.800       0.99999828      0.00000172
     9.000       0.99999815      0.00000185
     9.200       0.99999801      0.00000199
     9.400       0.99999785      0.00000215
     9.600       0.99999769      0.00000231
     9.800       0.99999751      0.00000249
    10.000       0.99999732      0.00000268
    10.200       0.99999711      0.00000289
    10.400       0.99999689      0.00000311
    10.600       0.99999665      0.00000335
    10.800       0.99999639      0.00000361
    11.000       0.99999611      0.00000389
    11.200       0.99999581      0.00000419
    11.400       0.99999548      0.00000452
    11.600       0.99999513      0.00000487
    11.800       0.99999476      0.00000524
    12.000       0.99999435      0.00000565
    12.200       0.99999391      0.00000609
    12.400       0.99999344      0.00000656
    12.600       0.99999293      0.00000707
    12.800       0.99999238      0.00000762
    13.000       0.99999179      0.00000821
    13.200       0.99999116      0.00000884
    13.400       0.99999047      0.00000953
    13.600       0.99998973      0.00001027
    13.800       0.99998893      0.00001107
    14.000       0.99998807      0.00001193
    14.200       0.99998715      0.00001285
    14.400       0.99998615      0.00001385
    14.600       0.99998507      0.00001493
    14.800       0.99998391      0.00001609
    15.000       0.99998266      0.00001734
    15.200       0.99998131      0.00001869
    15.400       0.99997986      0.00002014
    15.600       0.99997829      0.00002171
    15.800       0.99997660      0.00002340
    16.000       0.99997478      0.00002522
    16.200       0.99997282      0.00002718
    16.400       0.99997070      0.00002930
    16.600       0.99996842      0.00003158
    16.800       0.99996596      0.00003404
    17.000       0.99996330      0.00003670
    17.200       0.99996044      0.00003956
    17.400       0.99995736      0.00004264
    17.600       0.99995403      0.00004597
    17.800       0.99995045      0.00004955
    18.000       0.99994659      0.00005341
    18.200       0.99994242      0.00005758
    18.400       0.99993793      0.00006207
    18.600       0.99993309      0.00006691
    18.800       0.99992787      0.00007213
    19.000       0.99992225      0.00007775
    19.200       0.99991619      0.00008381
    19.400       0.99990966      0.00009034
    19.600       0.99990261      0.00009739
    19.800       0.99989503      0.00010497
    20.000       0.99988685      0.00011315
    20.200       0.99987803      0.00012197
    20.400       0.99986854      0.00013146
    20.600       0.99985831      0.00014169
    20.800       0.99984728      0.00015272
    21.000       0.99983541      0.00016459
    21.200       0.99982262      0.00017738
    21.400       0.99980884      0.00019116
    21.600       0.99979400      0.00020600
    21.800       0.99977802      0.00022198
    22.000       0.99976081      0.00023919
    22.200       0.99974229      0.00025771
    22.400       0.99972235      0.00027765
    22.600       0.99970089      0.00029911
    22.800       0.99967779      0.00032221
    23.000       0.99965294      0.00034706
    23.200       0.99962621      0.00037379
    23.400       0.99959745      0.00040255
    23.600       0.99956653      0.00043347
    23.800       0.99953328      0.00046672
    24.000       0.99949753      0.00050247
    24.200       0.99945911      0.00054089
    24.400       0.99941783      0.00058217
    24.600       0.99937348      0.00062652
    24.800       0.99932584      0.00067416
    25.000       0.99927468      0.00072532
    25.200       0.99921976      0.00078024
    25.400       0.99916082      0.00083918
    25.600       0.99909758      0.00090242
    25.800       0.99902973      0.00097027
    26.000       0.99895698      0.00104302
    26.200       0.99887899      0.00112101
    26.400       0.99879540      0.00120460
    26.600       0.99870585      0.00129415
    26.800       0.99860993      0.00139007
    27.000       0.99850724      0.00149276
    27.200       0.99839733      0.00160267
    27.400       0.99827974      0.00172026
    27.600       0.99815398      0.00184602
    27.800       0.99801954      0.00198046
    28.000       0.99787586      0.00212414
    28.200       0.99772238      0.00227762
    28.400       0.99755849      0.00244151
    28.600       0.99738357      0.00261643
    28.800       0.99719696      0.00280304
    29.000       0.99699796      0.00300204
    29.200       0.99678584      0.00321416
    29.400       0.99655984      0.00344016
    29.600       0.99631920      0.00368080
    29.800       0.99606307      0.00393693
    30.000       0.99579059      0.00420941
    30.200       0.99550087      0.00449913
    30.400       0.99519297      0.00480703
    30.600       0.99486595      0.00513405
    30.800       0.99451879      0.00548121
    31.000       0.99415046      0.00584954
    31.200       0.99375991      0.00624009
    31.400       0.99334603      0.00665397
    31.600       0.99290767      0.00709233
    31.800       0.99244366      0.00755634
    32.000       0.99195281      0.00804719
    32.200       0.99143387      0.00856613
    32.400       0.99088559      0.00911441
    32.600       0.99030667      0.00969333
    32.800       0.98969580      0.01030420
    33.000       0.98905165      0.01094835
    33.200       0.98837282      0.01162718
    33.400       0.98765795      0.01234205
    33.600       0.98690564      0.01309436
    33.800       0.98611446      0.01388554
    34.000       0.98528300      0.01471700
    34.200       0.98440982      0.01559018
    34.400       0.98349344      0.01650656
    34.600       0.98253245      0.01746755
    34.800       0.98152539      0.01847461
    35.000       0.98047082      0.01952918
    35.200       0.97936729      0.02063271
    35.400       0.97821339      0.02178661
    35.600       0.97700774      0.02299226
    35.800       0.97574895      0.02425105
    36.000       0.97443566      0.02556434
    36.200       0.97306658      0.02693342
    36.400       0.97164044      0.02835956
    36.600       0.97015601      0.02984399
    36.800       0.96861208      0.03138792
    37.000       0.96700755      0.03299245
    37.200       0.96534133      0.03465867
    37.400       0.96361241      0.03638759
    37.600       0.96181987      0.03818013
    37.800       0.95996284      0.04003716
    38.000       0.95804054      0.04195946
    38.200       0.95605230      0.04394770
    38.400       0.95399748      0.04600252
    38.600       0.95187562      0.04812438
    38.800       0.94968629      0.05031371
    39.000       0.94742923      0.05257077
    39.200       0.94510428      0.05489572
    39.400       0.94271132      0.05728868
    39.600       0.94025049      0.05974951
    39.800       0.93772194      0.06227806
    40.000       0.93512595      0.06487405
    40.200       0.93246302      0.06753698
    40.400       0.92973374      0.07026626
    40.600       0.92693885      0.07306115
    40.800       0.92407918      0.07592082
    41.000       0.92115573      0.07884427
    41.200       0.91816974      0.08183026
    41.400       0.91512240      0.08487760
    41.600       0.91201517      0.08798483
    41.800       0.90884996      0.09115004
    42.000       0.90562813      0.09437187
    42.200       0.90235184      0.09764816
    42.400       0.89902283      0.10097717
    42.600       0.89564323      0.10435677
    42.800       0.89221533      0.10778467
    43.000       0.88874183      0.11125817
    43.200       0.88522502      0.11477498
    43.400       0.88166779      0.11833221
    43.600       0.87807260      0.12192740
    43.800       0.87444234      0.12555766
    44.000       0.87078035      0.12921965
    44.200       0.86708967      0.13291033
    44.400       0.86337372      0.13662628
    44.600       0.85963523      0.14036477
    44.800       0.85587800      0.14412200
    45.000       0.85210490      0.14789510
    45.200       0.84831266      0.15168734
    45.400       0.84451820      0.15548180
    45.600       0.84071917      0.15928083
    45.800       0.83691954      0.16308046
    46.000       0.83312337      0.16687663
    46.200       0.82933334      0.17066666
    46.400       0.82555274      0.17444726
    46.600       0.82177843      0.17822157
    46.800       0.81802116      0.18197884
    47.000       0.81427189      0.18572811
    47.200       0.81056726      0.18943274
    47.400       0.80688385      0.19311615
    47.600       0.80322543      0.19677457
    47.800       0.79961603      0.20038397
    48.000       0.79604518      0.20395482
    48.200       0.79251018      0.20748982
    48.400       0.78901768      0.21098232
    48.600       0.78557700      0.21442300
    48.800       0.78217964      0.21782036
    49.000       0.77883410      0.22116590
    49.200       0.77556063      0.22443937
    49.400       0.77228814      0.22771186
    49.600       0.76911939      0.23088061
    49.800       0.76603128      0.23396872
    50.000       0.76300560      0.23699440
    50.200       0.76005175      0.23994825
    50.400       0.75715184      0.24284816
    50.600       0.75430541      0.24569459
    50.800       0.75158007      0.24841993
    51.000       0.74892414      0.25107586
    51.200       0.74635446      0.25364554
    51.400       0.74381989      0.25618011
    51.600       0.74137964      0.25862036
    51.800       0.73898459      0.26101541
    52.000       0.73668904      0.26331096
    52.200       0.73450321      0.26549679
    52.400       0.73239108      0.26760892
    52.600       0.73038052      0.26961948
    52.800       0.72838777      0.27161223
    53.000       0.72647460      0.27352540
    53.200       0.72474203      0.27525797
    53.400       0.72305304      0.27694696
    53.600       0.72145073      0.27854927
    53.800       0.71994219      0.28005781
    54.000       0.71842133      0.28157867
    54.200       0.71706895      0.28293105
    54.400       0.71570889      0.28429111
    54.600       0.71440933      0.28559067
    54.800       0.71328543      0.28671457
    55.000       0.71220477      0.28779523
    55.200       0.71124421      0.28875579
    55.400       0.71030364      0.28969636
    55.600       0.70939307      0.29060693
    55.800       0.70869324      0.29130676
    56.000       0.70798309      0.29201691
    56.200       0.70735166      0.29264834
    56.400       0.70673934      0.29326066
    56.600       0.70618422      0.29381578
    56.800       0.70572349      0.29427651
    57.000       0.70530821      0.29469179
    57.200       0.70480153      0.29519847
    57.400       0.70450374      0.29549626
    57.600       0.70426298      0.29573702
    57.800       0.70406175      0.29593825
    58.000       0.70378174      0.29621826
    58.200       0.70380082      0.29619918
    58.400       0.70363292      0.29636708
    58.600       0.70349911      0.29650089
    58.800       0.70334434      0.29665566
    59.000       0.70328724      0.29671276
    59.200       0.70331483      0.29668517
    59.400       0.70329816      0.29670184
    59.600       0.70329743      0.29670257
    59.800       0.70360707      0.29639293
    60.000       0.70375199      0.29624801
    60.200       0.70387348      0.29612652
    60.400       0.70388491      0.29611509
    60.600       0.70405590      0.29594410
    60.800       0.70427978      0.29572022
    61.000       0.70468367      0.29531633
    61.200       0.70496134      0.29503866
    61.400       0.70512865      0.29487135
    61.600       0.70550467      0.29449533
    61.800       0.70579995      0.29420005
    62.000       0.70621175      0.29378825
    62.200       0.70655716      0.29344284
    62.400       0.70670632      0.29329368
    62.600       0.70690843      0.29309157
    62.800       0.70701244      0.29298756
    63.000       0.70724602      0.29275398
    63.200       0.70750464      0.29249536
    63.400       0.70790294      0.29209706
    63.600       0.70804084      0.29195916
    63.800       0.70851588      0.29148412
    64.000       0.70856506      0.29143494
    64.200       0.70851655      0.29148345
    64.400       0.70862294      0.29137706
    64.600       0.70885332      0.29114668
    64.800       0.70902408      0.29097592
    65.000       0.70907169      0.29092831
    65.200       0.70932357      0.29067643
    65.400       0.70945390      0.29054610
    65.600       0.70947376      0.29052624
    65.800       0.70951990      0.29048010
    66.000       0.70994242      0.29005758
    66.200       0.70996901      0.29003099
    66.400       0.70978829      0.29021171
    66.600       0.70985787      0.29014213
    66.800       0.70983007      0.29016993
    67.000       0.70948768      0.29051232
    67.200       0.70949563      0.29050437
    67.400       0.70956412      0.29043588
    67.600       0.70953983      0.29046017
    67.800       0.70960997      0.29039003
    68.000       0.70948647      0.29051353
    68.200       0.70898356      0.29101644
    68.400       0.70865970      0.29134030
    68.600       0.70833683      0.29166317
    68.800       0.70813388      0.29186612
    69.000       0.70789640      0.29210360
    69.200       0.70781665      0.29218335
    69.400       0.70754597      0.29245403
    69.600       0.70720919      0.29279081
    69.800       0.70708683      0.29291317
    70.000       0.70691957      0.29308043
    70.200       0.70667875      0.29332125
    70.400       0.70644188      0.29355812
    70.600       0.70637886      0.29362114
    70.800       0.70612722      0.29387278
    71.000       0.70593110      0.29406890
    71.200       0.70572225      0.29427775
    71.400       0.70530379      0.29469621
    71.600       0.70498104      0.29501896
    71.800       0.70490170      0.29509830
    72.000       0.70445611      0.29554389
    72.200       0.70437319      0.29562681
    72.400       0.70428157      0.29571843
    72.600       0.70405283      0.29594717
    72.800       0.70382361      0.29617639
    73.000       0.70356881      0.29643119
    73.200       0.70326873      0.29673127
    73.400       0.70305247      0.29694753
    73.600       0.70268825      0.29731175
    73.800       0.70236718      0.29763282
    74.000       0.70225355      0.29774645
    74.200       0.70202490      0.29797510
    74.400       0.70173058      0.29826942
    74.600       0.70155623      0.29844377
    74.800       0.70136022      0.29863978
    75.000       0.70127104      0.29872896
    75.200       0.70113183      0.29886817
    75.400       0.70094296      0.29905704
    75.600       0.70079397      0.29920603
    75.800       0.70072150      0.29927850
    76.000       0.70062469      0.29937531
    76.200       0.70042028      0.29957972
    76.400       0.70015381      0.29984619
    76.600       0.70002954      0.29997046
    76.800       0.69975639      0.30024361
    77.000       0.69961793      0.30038207
    77.200       0.69948157      0.30051843
    77.400       0.69942981      0.30057019
    77.600       0.69931018      0.30068982
    77.800       0.69910227      0.30089773
    78.000       0.69896011      0.30103989
    78.200       0.69886719      0.30113281
    78.400       0.69860141      0.30139859
    78.600       0.69853179      0.30146821
    78.800       0.69844127      0.30155873
    79.000       0.69830939      0.30169061
    79.200       0.69824483      0.30175517
    79.400       0.69820598      0.30179402
    79.600       0.69821610      0.30178390
    79.800       0.69816301      0.30183699
    80.000       0.69812269      0.30187731
    80.200       0.69807846      0.30192154
    80.400       0.69802832      0.30197168
    80.600       0.69798024      0.30201976
    80.800       0.69796404      0.30203596
    81.000       0.69786384      0.30213616
    81.200       0.69779500      0.30220500
    81.400       0.69779679      0.30220321
    81.600       0.69778106      0.30221894
    81.800       0.69775276      0.30224724
    82.000       0.69771813      0.30228187
    82.200       0.69769486      0.30230514
    82.400       0.69767439      0.30232561
    82.600       0.69769063      0.30230937
    82.800       0.69770488      0.30229512
    83.000       0.69769412      0.30230588
    83.200       0.69769318      0.30230682
    83.400       0.69769729      0.30230271
    83.600       0.69769259      0.30230741
    83.800       0.69772795      0.30227205
    84.000       0.69773585      0.30226415
    84.200       0.69775656      0.30224344
    84.400       0.69778345      0.30221655
    84.600       0.69780412      0.30219588
    84.800       0.69785288      0.30214712
    85.000       0.69788258      0.30211742
    85.200       0.69789838      0.30210162
    85.400       0.69792905      0.30207095
    85.600       0.69799658      0.30200342
    85.800       0.69806752      0.30193248
    86.000       0.69812695      0.30187305
    86.200       0.69820975      0.30179025
    86.400       0.69827570      0.30172430
    86.600       0.69835139      0.30164861
    86.800       0.69842381      0.30157619
    87.000       0.69849337      0.30150663
    87.200       0.69857445      0.30142555
    87.400       0.69868130      0.30131870
    87.600       0.69878040      0.30121960
    87.800       0.69889893      0.30110107
    88.000       0.69902355      0.30097645
    88.200       0.69914019      0.30085981
    88.400       0.69927697      0.30072303
    88.600       0.69941395      0.30058605
    88.800       0.69955789      0.30044211
    89.000       0.69970956      0.30029044
    89.200       0.69988301      0.30011699
    89.400       0.70005847      0.29994153
    89.600       0.70024936      0.29975064
    89.800       0.70044926      0.29955074
    90.000       0.70065849      0.29934151
    90.200       0.70087736      0.29912264
    90.400       0.70110591      0.29889409
    90.600       0.70133744      0.29866256
    90.800       0.70157906      0.29842094
    91.000       0.70183134      0.29816866
    91.200       0.70210137      0.29789863
    91.400       0.70238287      0.29761713
    91.600       0.70267570      0.29732430
    91.800       0.70297313      0.29702687
    92.000       0.70328911      0.29671089
    92.200       0.70361742      0.29638258
    92.400       0.70395800      0.29604200
    92.600       0.70431104      0.29568896
    92.800       0.70467674      0.29532326
    93.000       0.70505528      0.29494472
    93.200       0.70544682      0.29455318
    93.400       0.70585150      0.29414850
    93.600       0.70626970      0.29373030
    93.800       0.70670130      0.29329870
    94.000       0.70713954      0.29286046
    94.200       0.70759767      0.29240233
    94.400       0.70807001      0.29192999
    94.600       0.70855606      0.29144394
    94.800       0.70905586      0.29094414
    95.000       0.70956941      0.29043059
    95.200       0.71009672      0.28990328
    95.400       0.71063777      0.28936223
    95.600       0.71119251      0.28880749
    95.800       0.71175394      0.28824606
    96.000       0.71233540      0.28766460
    96.200       0.71292403      0.28707597
    96.400       0.71353187      0.28646813
    96.600       0.71415369      0.28584631
    96.800       0.71478855      0.28521145
    97.000       0.71543624      0.28456376
    97.200       0.71609655      0.28390345
    97.400       0.71676927      0.28323073
    97.600       0.71745415      0.28254585
    97.800       0.71815091      0.28184909
    98.000       0.71885926      0.28114074
    98.200       0.71957892      0.28042108
    98.400       0.72030957      0.27969043
    98.600       0.72105089      0.27894911
    98.800       0.72180249      0.27819751
    99.000       0.72256404      0.27743596
    99.200       0.72333512      0.27666488
    99.400       0.72411532      0.27588468
    99.600       0.72490423      0.27509577
    99.800       0.72570142      0.27429858
   100.000       0.72650646      0.27349354
   100.200       0.72731887      0.27268113
   100.400       0.72813819      0.27186181
   100.600       0.72896396      0.27103604
   100.800       0.72979568      0.27020432
   101.000       0.73063284      0.26936716
   101.200       0.73147496      0.26852504
   101.400       0.73232150      0.26767850
   101.600       0.73317196      0.26682804
   101.800       0.73402583      0.26597417
   102.000       0.73488257      0.26511743
   102.200       0.73574169      0.26425831
   102.400       0.73660264      0.26339736
   102.600       0.73746493      0.26253507
   102.800       0.73832801      0.26167199
   103.000       0.73919136      0.26080864
   103.200       0.74005448      0.25994552
   103.400       0.74091683      0.25908317
   103.600       0.74177790      0.25822210
   103.800       0.74263722      0.25736278
   104.000       0.74349423      0.25650577
   104.200       0.74434849      0.25565151
   104.400       0.74519949      0.25480051
   104.600       0.74604676      0.25395324
   104.800       0.74688984      0.25311016
   105.000       0.74772828      0.25227172
   105.200       0.74856162      0.25143838
   105.400       0.74938945      0.25061055
   105.600       0.75021135      0.24978865
   105.800       0.75102688      0.24897312
   106.000       0.75183568      0.24816432
   106.200       0.75263735      0.24736265
   106.400       0.75343157      0.24656843
   106.600       0.75421794      0.24578206
   106.800       0.75499616      0.24500384
   107.000       0.75576590      0.24423410
   107.200       0.75652687      0.24347313
   107.400       0.75727878      0.24272122
   107.600       0.75802135      0.24197865
   107.800       0.75875433      0.24124567
   108.000       0.75947750      0.24052250
   108.200       0.76019061      0.23980939
   108.400       0.76089347      0.23910653
   108.600       0.76158588      0.23841412
   108.800       0.76226766      0.23773234
   109.000       0.76293867      0.23706133
   109.200       0.76359875      0.23640125
   109.400       0.76424779      0.23575221
   109.600       0.76488567      0.23511433
   109.800       0.76551227      0.23448773
   110.000       0.76612753      0.23387247
   110.200       0.76673135      0.23326865
   110.400       0.76732368      0.23267632
   110.600       0.76790449      0.23209551
   110.800       0.76847373      0.23152627
   111.000       0.76903139      0.23096861
   111.200       0.76957749      0.23042251
   111.400       0.77011200      0.22988800
   111.600       0.77063498      0.22936502
   111.800       0.77114643      0.22885357
   112.000       0.77164640      0.22835360
   112.200       0.77213493      0.22786507
   112.400       0.77261209      0.22738791
   112.600       0.77307795      0.22692205
   112.800       0.77353259      0.22646741
   113.000       0.77397610      0.22602390
   113.200       0.77440855      0.22559145
   113.400       0.77483005      0.22516995
   113.600       0.77524072      0.22475928
   113.800       0.77564065      0.22435935
   114.000       0.77603000      0.22397000
   114.200       0.77640889      0.22359111
   114.400       0.77677744      0.22322256
   114.600       0.77713580      0.22286420
   114.800       0.77748412      0.22251588
   115.000       0.77782256      0.22217744
   115.200       0.77815126      0.22184874
   115.400       0.77847038      0.22152962
   115.600       0.77878008      0.22121992
   115.800       0.77908054      0.22091946
   116.000       0.77937191      0.22062809
   116.200       0.77965436      0.22034564
   116.400       0.77992809      0.22007191
   116.600       0.78019326      0.21980674
   116.800       0.78045004      0.21954996
   117.000       0.78069862      0.21930138
   117.200       0.78093915      0.21906085
   117.400       0.78117182      0.21882818
   117.600       0.78139682      0.21860318
   117.800       0.78161431      0.21838569
   118.000       0.78182447      0.21817553
   118.200       0.78202747      0.21797253
   118.400       0.78222350      0.21777650
   118.600       0.78241273      0.21758727
   118.800       0.78259532      0.21740468
   119.000       0.78277146      0.21722854
   119.200       0.78294132      0.21705868
   119.400       0.78310507      0.21689493
   119.600       0.78326287      0.21673713
   119.800       0.78341488      0.21658512
   120.000       0.78356126      0.21643874
   120.200       0.78370218      0.21629782
   120.400       0.78383781      0.21616219
   120.600       0.78396828      0.21603172
   120.800       0.78409374      0.21590626
   121.000       0.78421437      0.21578563
   121.200       0.78433030      0.21566970
   121.400       0.78444167      0.21555833
   121.600       0.78454863      0.21545137
   121.800       0.78465131      0.21534869
   122.000       0.78474984      0.21525016
   122.200       0.78484436      0.21515564
   122.400       0.78493502      0.21506498
   122.600       0.78502195      0.21497805
   122.800       0.78510525      0.21489475
   123.000       0.78518506      0.21481494
   123.200       0.78526151      0.21473849
   123.400       0.78533468      0.21466532
   123.600       0.78540468      0.21459532
   123.800       0.78547164      0.21452836
   124.000       0.78553566      0.21446434
   124.200       0.78559684      0.21440316
   124.400       0.78565528      0.21434472
   124.600       0.78571106      0.21428894
   124.800       0.78576429      0.21423571
   125.000       0.78581507      0.21418493
   125.200       0.78586347      0.21413653
   125.400       0.78590961      0.21409039
   125.600       0.78595357      0.21404643
   125.800       0.78599542      0.21400458
   126.000       0.78603525      0.21396475
   126.200       0.78607316      0.21392684
   126.400       0.78610922      0.21389078
   126.600       0.78614347      0.21385653
   126.800       0.78617596      0.21382404
   127.000       0.78620682      0.21379318
   127.200       0.78623604      0.21376396
   127.400       0.78626372      0.21373628
   127.600       0.78628991      0.21371009
   127.800       0.78631463      0.21368537
   128.000       0.78633800      0.21366200
   128.200       0.78636005      0.21363995
   128.400       0.78638081      0.21361919
   128.600       0.78640036      0.21359964
   128.800       0.78641877      0.21358123
   129.000       0.78643606      0.21356394
   129.200       0.78645228      0.21354772
   129.400       0.78646748      0.21353252
   129.600       0.78648166      0.21351834
   129.800       0.78649493      0.21350507
   130.000       0.78650726      0.21349274
   130.200       0.78651869      0.21348131
   130.400       0.78652931      0.21347069
   130.600       0.78653911      0.21346089
   130.800       0.78654812      0.21345188
   131.000       0.78655640      0.21344360
   131.200       0.78656395      0.21343605
   131.400       0.78657083      0.21342917
   131.600       0.78657703      0.21342297
   131.800       0.78658256      0.21341744
   132.000       0.78658740      0.21341260
   132.200       0.78659165      0.21340835
   132.400       0.78659532      0.21340468
   132.600       0.78659845      0.21340155
   132.800       0.78660107      0.21339893
   133.000       0.78660316      0.21339684
   133.200       0.78660472      0.21339528
   133.400       0.78660576      0.21339424
   133.600       0.78660626      0.21339374
   133.800       0.78660632      0.21339368
   134.000       0.78660595      0.21339405
   134.200       0.78660519      0.21339481
   134.400       0.78660400      0.21339600
   134.600       0.78660236      0.21339764
   134.800       0.78660030      0.21339970
   135.000       0.78659778      0.21340222
   135.200       0.78659479      0.21340521
   135.400       0.78659141      0.21340859
   135.600       0.78658770      0.21341230
   135.800       0.78658361      0.21341639
   136.000       0.78657917      0.21342083
   136.200       0.78657434      0.21342566
   136.400       0.78656909      0.21343091
   136.600       0.78656351      0.21343649
   136.800       0.78655756      0.21344244
   137.000       0.78655128      0.21344872
   137.200       0.78654468      0.21345532
   137.400       0.78653779      0.21346221
   137.600       0.78653054      0.21346946
   137.800       0.78652293      0.21347707
   138.000       0.78651498      0.21348502
   138.200       0.78650674      0.21349326
   138.400       0.78649813      0.21350187
   138.600       0.78648924      0.21351076
   138.800       0.78648011      0.21351989
   139.000       0.78647070      0.21352930
   139.200       0.78646100      0.21353900
   139.400       0.78645100      0.21354900
   139.600       0.78644072      0.21355928
   139.800       0.78643011      0.21356989
   140.000       0.78641926      0.21358074
   140.200       0.78640815      0.21359185
   140.400       0.78639671      0.21360329
   140.600       0.78638498      0.21361502
   140.800       0.78637299      0.21362701
   141.000       0.78636068      0.21363932
   141.200       0.78634811      0.21365189
   141.400       0.78633529      0.21366471
   141.600       0.78632222      0.21367778
   141.800       0.78630890      0.21369110
   142.000       0.78629531      0.21370469
   142.200       0.78628150      0.21371850
   142.400       0.78626740      0.21373260
   142.600       0.78625301      0.21374699
   142.800       0.78623840      0.21376160
   143.000       0.78622353      0.21377647
   143.200       0.78620835      0.21379165
   143.400       0.78619293      0.21380707
   143.600       0.78617726      0.21382274
   143.800       0.78616130      0.21383870
   144.000       0.78614511      0.21385489
   144.200       0.78612869      0.21387131
   144.400       0.78611201      0.21388799
   144.600       0.78609515      0.21390485
   144.800       0.78607804      0.21392196
   145.000       0.78606069      0.21393931
   145.200       0.78604314      0.21395686
   145.400       0.78602539      0.21397461
   145.600       0.78600745      0.21399255
   145.800       0.78598928      0.21401072
   146.000       0.78597098      0.21402902
   146.200       0.78595240      0.21404760
   146.400       0.78593359      0.21406641
   146.600       0.78591459      0.21408541
   146.800       0.78589543      0.21410457
   147.000       0.78587610      0.21412390
   147.200       0.78585655      0.21414345
   147.400       0.78583680      0.21416320
   147.600       0.78581689      0.21418311
   147.800       0.78579679      0.21420321
   148.000       0.78577648      0.21422352
   148.200       0.78575601      0.21424399
   148.400       0.78573538      0.21426462
   148.600       0.78571457      0.21428543
   148.800       0.78569363      0.21430637
   149.000       0.78567252      0.21432748
   149.200       0.78565120      0.21434880
   149.400       0.78562975      0.21437025
   149.600       0.78560817      0.21439183
   149.800       0.78558643      0.21441357
   150.000       0.78556460      0.21443540
