     0.000       1.00000000      0.00000000
     0.200       1.00000000      0.00000000
     0.400       1.00000000      0.00000000
     0.600       1.00000000      0.00000000
     0.800       1.00000000      0.00000000
     1.000       1.00000000      0.00000000
     1.200       1.00000000      0.00000000
     1.400       1.00000000      0.00000000
     1.600       1.00000000      0.00000000
     1.800       1.00000000      0.00000000
     2.000       1.00000000      0.00000000
     2.200       1.00000000      0.00000000
     2.400       1.00000000      0.00000000
     2.600       1.00000000      0.00000000
     2.800       1.00000000      0.00000000
     3.000       1.00000000      0.00000000
     3.200       1.00000000      0.00000000
     3.400       1.00000000      0.00000000
     3.600       1.00000000      0.00000000
     3.800       1.00000000      0.00000000
     4.000       1.00000000      0.00000000
     4.200       1.00000000      0.00000000
     4.400       1.00000000      0.00000000
     4.600       1.00000000      0.00000000
     4.800       1.00000000      0.00000000
     5.000       1.00000000      0.00000000
     5.200       1.00000000      0.00000000
     5.400       1.00000000      0.00000000
     5.600       1.00000000      0.00000000
     5.800       1.00000000      0.00000000
     6.000       1.00000000      0.00000000
     6.200       1.00000000      0.00000000
     6.400       1.00000000      0.00000000
     6.600       1.00000000      0.00000000
     6.800       1.00000000      0.00000000
     7.000       1.00000000      0.00000000
     7.200       1.00000000      0.00000000
     7.400       1.00000000      0.00000000
     7.600       1.00000000      0.00000000
     7.800       1.00000000      0.00000000
     8.000       1.00000000      0.00000000
     8.200       1.00000000      0.00000000
     8.400       1.00000000      0.00000000
     8.600       1.00000000      0.00000000
     8.800       1.00000000      0.00000000
     9.000       1.00000000      0.00000000
     9.200       1.00000000      0.00000000
     9.400       1.00000000      0.00000000
     9.600       1.00000000      0.00000000
     9.800       1.00000000      0.00000000
    10.000       1.00000000      0.00000000
    10.200       1.00000000      0.00000000
    10.400       1.00000000      0.00000000
    10.600       1.00000000      0.00000000
    10.800       1.00000000      0.00000000
    11.000       1.00000000      0.00000000
    11.200       1.00000000      0.00000000
    11.400       1.00000000      0.00000000
    11.600       1.00000000      0.00000000
    11.800       1.00000000      0.00000000
    12.000       1.00000000      0.00000000
    12.200       1.00000000      0.00000000
    12.400       1.00000000      0.00000000
    12.600       1.00000000      0.00000000
    12.800       1.00000000      0.00000000
    13.000       1.00000000      0.00000000
    13.200       1.00000000      0.00000000
    13.400       1.00000000      0.00000000
    13.600       1.00000000      0.00000000
    13.800       1.00000000      0.00000000
    14.000       1.00000000      0.00000000
    14.200       1.00000000      0.00000000
    14.400       1.00000000      0.00000000
    14.600       1.00000000      0.00000000
    14.800       1.00000000      0.00000000
    15.000       0.99999000      0.00001000
    15.200       0.99999000      0.00001000
    15.400       0.99999000      0.00001000
    15.600       0.99999000      0.00001000
    15.800       0.99998000      0.00002000
    16.000       0.99998000      0.00002000
    16.200       0.99998000      0.00002000
    16.400       0.99998000      0.00002000
    16.600       0.99998000      0.00002000
    16.800       0.99998000      0.00002000
    17.000       0.99998000      0.00002000
    17.200       0.99998000      0.00002000
    17.400       0.99998000      0.00002000
    17.600       0.99998000      0.00002000
    17.800       0.99997000      0.00003000
    18.000       0.99997000      0.00003000
    18.200       0.99996000      0.00004000
    18.400       0.99996000      0.00004000
    18.600       0.99996000      0.00004000
    18.800       0.99995000      0.00005000
    19.000       0.99995000      0.00005000
    19.200       0.99995000      0.00005000
    19.400       0.99995000      0.00005000
    19.600       0.99995000      0.00005000
    19.800       0.99995000      0.00005000
    20.000       0.99994000      0.00006000
    20.200       0.99994000      0.00006000
    20.400       0.99993000      0.00007000
    20.600       0.99993000      0.00007000
    20.800       0.99991000      0.00009000
    21.000       0.99990000      0.00010000
    21.200       0.99987000      0.00013000
    21.400       0.99987000      0.00013000
    21.600       0.99986000      0.00014000
    21.800       0.99986000      0.00014000
    22.000       0.99986000      0.00014000
    22.200       0.99980000      0.00020000
    22.400       0.99979000      0.00021000
    22.600       0.99974000      0.00026000
    22.800       0.99972000      0.00028000
    23.000       0.99969000      0.00031000
    23.200       0.99966000      0.00034000
    23.400       0.99961000      0.00039000
    23.600       0.99958000      0.00042000
    23.800       0.99956000      0.00044000
    24.000       0.99954000      0.00046000
    24.200       0.99948000      0.00052000
    24.400       0.99941000      0.00059000
    24.600       0.99937000      0.00063000
    24.800       0.99931000      0.00069000
    25.000       0.99928000      0.00072000
    25.200       0.99925000      0.00075000
    25.400       0.99918000      0.00082000
    25.600       0.99912000      0.00088000
    25.800       0.99903000      0.00097000
    26.000       0.99899000      0.00101000
    26.200       0.99892000      0.00108000
    26.400       0.99885000      0.00115000
    26.600       0.99869000      0.00131000
    26.800       0.99857000      0.00143000
    27.000       0.99842000      0.00158000
    27.200       0.99828000      0.00172000
    27.400       0.99817000      0.00183000
    27.600       0.99801000      0.00199000
    27.800       0.99788000      0.00212000
    28.000       0.99774000      0.00226000
    28.200       0.99754000      0.00246000
    28.400       0.99738000      0.00262000
    28.600       0.99719000      0.00281000
    28.800       0.99695000      0.00305000
    29.000       0.99681000      0.00319000
    29.200       0.99653000      0.00347000
    29.400       0.99619000      0.00381000
    29.600       0.99594000      0.00406000
    29.800       0.99570000      0.00430000
    30.000       0.99549000      0.00451000
    30.200       0.99528000      0.00472000
    30.400       0.99487000      0.00513000
    30.600       0.99455000      0.00545000
    30.800       0.99425000      0.00575000
    31.000       0.99369000      0.00631000
    31.200       0.99325000      0.00675000
    31.400       0.99295000      0.00705000
    31.600       0.99240000      0.00760000
    31.800       0.99178000      0.00822000
    32.000       0.99131000      0.00869000
    32.200       0.99082000      0.00918000
    32.400       0.99020000      0.00980000
    32.600       0.98953000      0.01047000
    32.800       0.98894000      0.01106000
    33.000       0.98841000      0.01159000
    33.200       0.98771000      0.01229000
    33.400       0.98691000      0.01309000
    33.600       0.98603000      0.01397000
    33.800       0.98517000      0.01483000
    34.000       0.98415000      0.01585000
    34.200       0.98344000      0.01656000
    34.400       0.98250000      0.01750000
    34.600       0.98158000      0.01842000
    34.800       0.98064000      0.01936000
    35.000       0.97968000      0.02032000
    35.200       0.97859000      0.02141000
    35.400       0.97742000      0.02258000
    35.600       0.97625000      0.02375000
    35.800       0.97517000      0.02483000
    36.000       0.97385000      0.02615000
    36.200       0.97246000      0.02754000
    36.400       0.97085000      0.02915000
    36.600       0.96946000      0.03054000
    36.800       0.96765000      0.03235000
    37.000       0.96602000      0.03398000
    37.200       0.96440000      0.03560000
    37.400       0.96257000      0.03743000
    37.600       0.96077000      0.03923000
    37.800       0.95892000      0.04108000
    38.000       0.95683000      0.04317000
    38.200       0.95492000      0.04508000
    38.400       0.95268000      0.04732000
    38.600       0.95072000      0.04928000
    38.800       0.94859000      0.05141000
    39.000       0.94620000      0.05380000
    39.200       0.94408000      0.05592000
    39.400       0.94149000      0.05851000
    39.600       0.93907000      0.06093000
    39.800       0.93673000      0.06327000
    40.000       0.93415000      0.06585000
    40.200       0.93137000      0.06863000
    40.400       0.92850000      0.07150000
    40.600       0.92572000      0.07428000
    40.800       0.92301000      0.07699000
    41.000       0.91973000      0.08027000
    41.200       0.91692000      0.08308000
    41.400       0.91390000      0.08610000
    41.600       0.91077000      0.08923000
    41.800       0.90781000      0.09219000
    42.000       0.90476000      0.09524000
    42.200       0.90144000      0.09856000
    42.400       0.89829000      0.10171000
    42.600       0.89473000      0.10527000
    42.800       0.89121000      0.10879000
    43.000       0.88750000      0.11250000
    43.200       0.88390000      0.11610000
    43.400       0.88048000      0.11952000
    43.600       0.87691000      0.12309000
    43.800       0.87306000      0.12694000
    44.000       0.86931000      0.13069000
    44.200       0.86565000      0.13435000
    44.400       0.86154000      0.13846000
    44.600       0.85821000      0.14179000
    44.800       0.85429000      0.14571000
    45.000       0.85045000      0.14955000
    45.200       0.84658000      0.15342000
    45.400       0.84326000      0.15674000
    45.600       0.83917000      0.16083000
    45.800       0.83520000      0.16480000
    46.000       0.83141000      0.16859000
    46.200       0.82781000      0.17219000
    46.400       0.82375000      0.17625000
    46.600       0.82014000      0.17986000
    46.800       0.81625000      0.18375000
    47.000       0.81276000      0.18724000
    47.200       0.80900000      0.19100000
    47.400       0.80524000      0.19476000
    47.600       0.80169000      0.19831000
    47.800       0.79798000      0.20202000
    48.000       0.79442000      0.20558000
    48.200       0.79103000      0.20897000
    48.400       0.78766000      0.21234000
    48.600       0.78426000      0.21574000
    48.800       0.78104000      0.21896000
    49.000       0.77775000      0.22225000
    49.200       0.77400000      0.22600000
    49.400       0.77071000      0.22929000
    49.600       0.76782000      0.23218000
    49.800       0.76497000      0.23503000
    50.000       0.76158000      0.23842000
    50.200       0.75872000      0.24128000
    50.400       0.75573000      0.24427000
    50.600       0.75289000      0.24711000
    50.800       0.74986000      0.25014000
    51.000       0.74696000      0.25304000
    51.200       0.74464000      0.25536000
    51.400       0.74180000      0.25820000
    51.600       0.73932000      0.26068000
    51.800       0.73692000      0.26308000
    52.000       0.73427000      0.26573000
    52.200       0.73200000      0.26800000
    52.400       0.72999000      0.27001000
    52.600       0.72795000      0.27205000
    52.800       0.72599000      0.27401000
    53.000       0.72388000      0.27612000
    53.200       0.72194000      0.27806000
    53.400       0.72018000      0.27982000
    53.600       0.71861000      0.28139000
    53.800       0.71681000      0.28319000
    54.000       0.71518000      0.28482000
    54.200       0.71364000      0.28636000
    54.400       0.71231000      0.28769000
    54.600       0.71082000      0.28918000
    54.800       0.70953000      0.29047000
    55.000       0.70838000      0.29162000
    55.200       0.70731000      0.29269000
    55.400       0.70643000      0.29357000
    55.600       0.70546000      0.29454000
    55.800       0.70442000      0.29558000
    56.000       0.70351000      0.29649000
    56.200       0.70278000      0.29722000
    56.400       0.70210000      0.29790000
    56.600       0.70147000      0.29853000
    56.800       0.70059000      0.29941000
    57.000       0.69995000      0.30005000
    57.200       0.69919000      0.30081000
    57.400       0.69832000      0.30168000
    57.600       0.69778000      0.30222000
    57.800       0.69737000      0.30263000
    58.000       0.69700000      0.30300000
    58.200       0.69664000      0.30336000
    58.400       0.69615000      0.30385000
    58.600       0.69604000      0.30396000
    58.800       0.69589000      0.30411000
    59.000       0.69564000      0.30436000
    59.200       0.69547000      0.30453000
    59.400       0.69519000      0.30481000
    59.600       0.69509000      0.30491000
    59.800       0.69471000      0.30529000
    60.000       0.69443000      0.30557000
    60.200       0.69446000      0.30554000
    60.400       0.69437000      0.30563000
    60.600       0.69437000      0.30563000
    60.800       0.69434000      0.30566000
    61.000       0.69440000      0.30560000
    61.200       0.69453000      0.30547000
    61.400       0.69446000      0.30554000
    61.600       0.69441000      0.30559000
    61.800       0.69438000      0.30562000
    62.000       0.69444000      0.30556000
    62.200       0.69420000      0.30580000
    62.400       0.69414000      0.30586000
    62.600       0.69421000      0.30579000
    62.800       0.69421000      0.30579000
    63.000       0.69434000      0.30566000
    63.200       0.69443000      0.30557000
    63.400       0.69440000      0.30560000
    63.600       0.69457000      0.30543000
    63.800       0.69479000      0.30521000
    64.000       0.69492000      0.30508000
    64.200       0.69502000      0.30498000
    64.400       0.69515000      0.30485000
    64.600       0.69522000      0.30478000
    64.800       0.69536000      0.30464000
    65.000       0.69536000      0.30464000
    65.200       0.69542000      0.30458000
    65.400       0.69545000      0.30455000
    65.600       0.69565000      0.30435000
    65.800       0.69571000      0.30429000
    66.000       0.69580000      0.30420000
    66.200       0.69583000      0.30417000
    66.400       0.69579000      0.30421000
    66.600       0.69585000      0.30415000
    66.800       0.69579000      0.30421000
    67.000       0.69587000      0.30413000
    67.200       0.69593000      0.30407000
    67.400       0.69600000      0.30400000
    67.600       0.69605000      0.30395000
    67.800       0.69612000      0.30388000
    68.000       0.69618000      0.30382000
    68.200       0.69632000      0.30368000
    68.400       0.69633000      0.30367000
    68.600       0.69632000      0.30368000
    68.800       0.69633000      0.30367000
    69.000       0.69636000      0.30364000
    69.200       0.69643000      0.30357000
    69.400       0.69641000      0.30359000
    69.600       0.69646000      0.30354000
    69.800       0.69653000      0.30347000
    70.000       0.69654000      0.30346000
    70.200       0.69654000      0.30346000
    70.400       0.69659000      0.30341000
    70.600       0.69666000      0.30334000
    70.800       0.69668000      0.30332000
    71.000       0.69670000      0.30330000
    71.200       0.69678000      0.30322000
    71.400       0.69680000      0.30320000
    71.600       0.69683000      0.30317000
    71.800       0.69686000      0.30314000
    72.000       0.69685000      0.30315000
    72.200       0.69687000      0.30313000
    72.400       0.69685000      0.30315000
    72.600       0.69685000      0.30315000
    72.800       0.69689000      0.30311000
    73.000       0.69694000      0.30306000
    73.200       0.69696000      0.30304000
    73.400       0.69694000      0.30306000
    73.600       0.69694000      0.30306000
    73.800       0.69694000      0.30306000
    74.000       0.69696000      0.30304000
    74.200       0.69697000      0.30303000
    74.400       0.69698000      0.30302000
    74.600       0.69699000      0.30301000
    74.800       0.69701000      0.30299000
    75.000       0.69706000      0.30294000
    75.200       0.69706000      0.30294000
    75.400       0.69709000      0.30291000
    75.600       0.69710000      0.30290000
    75.800       0.69711000      0.30289000
    76.000       0.69713000      0.30287000
    76.200       0.69713000      0.30287000
    76.400       0.69718000      0.30282000
    76.600       0.69720000      0.30280000
    76.800       0.69722000      0.30278000
    77.000       0.69722000      0.30278000
    77.200       0.69722000      0.30278000
    77.400       0.69722000      0.30278000
    77.600       0.69722000      0.30278000
    77.800       0.69723000      0.30277000
    78.000       0.69723000      0.30277000
    78.200       0.69725000      0.30275000
    78.400       0.69726000      0.30274000
    78.600       0.69726000      0.30274000
    78.800       0.69731000      0.30269000
    79.000       0.69733000      0.30267000
    79.200       0.69733000      0.30267000
    79.400       0.69734000      0.30266000
    79.600       0.69734000      0.30266000
    79.800       0.69735000      0.30265000
    80.000       0.69738000      0.30262000
    80.200       0.69739000      0.30261000
    80.400       0.69740000      0.30260000
    80.600       0.69741000      0.30259000
    80.800       0.69742000      0.30258000
    81.000       0.69742000      0.30258000
    81.200       0.69742000      0.30258000
    81.400       0.69742000      0.30258000
    81.600       0.69745000      0.30255000
    81.800       0.69743000      0.30257000
    82.000       0.69743000      0.30257000
    82.200       0.69746000      0.30254000
    82.400       0.69747000      0.30253000
    82.600       0.69749000      0.30251000
    82.800       0.69750000      0.30250000
    83.000       0.69751000      0.30249000
    83.200       0.69750000      0.30250000
    83.400       0.69753000      0.30247000
    83.600       0.69754000      0.30246000
    83.800       0.69756000      0.30244000
    84.000       0.69763000      0.30237000
    84.200       0.69765000      0.30235000
    84.400       0.69772000      0.30228000
    84.600       0.69775000      0.30225000
    84.800       0.69779000      0.30221000
    85.000       0.69779000      0.30221000
    85.200       0.69783000      0.30217000
    85.400       0.69786000      0.30214000
    85.600       0.69795000      0.30205000
    85.800       0.69802000      0.30198000
    86.000       0.69808000      0.30192000
    86.200       0.69818000      0.30182000
    86.400       0.69825000      0.30175000
    86.600       0.69827000      0.30173000
    86.800       0.69830000      0.30170000
    87.000       0.69838000      0.30162000
    87.200       0.69851000      0.30149000
    87.400       0.69868000      0.30132000
    87.600       0.69878000      0.30122000
    87.800       0.69885000      0.30115000
    88.000       0.69903000      0.30097000
    88.200       0.69913000      0.30087000
    88.400       0.69928000      0.30072000
    88.600       0.69943000      0.30057000
    88.800       0.69962000      0.30038000
    89.000       0.69980000      0.30020000
    89.200       0.69994000      0.30006000
    89.400       0.70007000      0.29993000
    89.600       0.70028000      0.29972000
    89.800       0.70048000      0.29952000
    90.000       0.70070000      0.29930000
    90.200       0.70094000      0.29906000
    90.400       0.70116000      0.29884000
    90.600       0.70137000      0.29863000
    90.800       0.70155000      0.29845000
    91.000       0.70174000      0.29826000
    91.200       0.70202000      0.29798000
    91.400       0.70224000      0.29776000
    91.600       0.70258000      0.29742000
    91.800       0.70299000      0.29701000
    92.000       0.70326000      0.29674000
    92.200       0.70351000      0.29649000
    92.400       0.70382000      0.29618000
    92.600       0.70417000      0.29583000
    92.800       0.70450000      0.29550000
    93.000       0.70485000      0.29515000
    93.200       0.70527000      0.29473000
    93.400       0.70560000      0.29440000
    93.600       0.70608000      0.29392000
    93.800       0.70656000      0.29344000
    94.000       0.70702000      0.29298000
    94.200       0.70746000      0.29254000
    94.400       0.70793000      0.29207000
    94.600       0.70848000      0.29152000
    94.800       0.70893000      0.29107000
    95.000       0.70952000      0.29048000
    95.200       0.71018000      0.28982000
    95.400       0.71069000      0.28931000
    95.600       0.71122000      0.28878000
    95.800       0.71180000      0.28820000
    96.000       0.71241000      0.28759000
    96.200       0.71289000      0.28711000
    96.400       0.71343000      0.28657000
    96.600       0.71406000      0.28594000
    96.800       0.71456000      0.28544000
    97.000       0.71522000      0.28478000
    97.200       0.71593000      0.28407000
    97.400       0.71661000      0.28339000
    97.600       0.71721000      0.28279000
    97.800       0.71776000      0.28224000
    98.000       0.71841000      0.28159000
    98.200       0.71924000      0.28076000
    98.400       0.72004000      0.27996000
    98.600       0.72076000      0.27924000
    98.800       0.72174000      0.27826000
    99.000       0.72245000      0.27755000
    99.200       0.72322000      0.27678000
    99.400       0.72404000      0.27596000
    99.600       0.72490000      0.27510000
    99.800       0.72568000      0.27432000
   100.000       0.72635000      0.27365000
   100.200       0.72723000      0.27277000
   100.400       0.72812000      0.27188000
   100.600       0.72887000      0.27113000
   100.800       0.72961000      0.27039000
   101.000       0.73048000      0.26952000
   101.200       0.73108000      0.26892000
   101.400       0.73187000      0.26813000
   101.600       0.73266000      0.26734000
   101.800       0.73343000      0.26657000
   102.000       0.73436000      0.26564000
   102.200       0.73519000      0.26481000
   102.400       0.73612000      0.26388000
   102.600       0.73700000      0.26300000
   102.800       0.73789000      0.26211000
   103.000       0.73884000      0.26116000
   103.200       0.73966000      0.26034000
   103.400       0.74053000      0.25947000
   103.600       0.74154000      0.25846000
   103.800       0.74220000      0.25780000
   104.000       0.74315000      0.25685000
   104.200       0.74401000      0.25599000
   104.400       0.74485000      0.25515000
   104.600       0.74579000      0.25421000
   104.800       0.74661000      0.25339000
   105.000       0.74745000      0.25255000
   105.200       0.74835000      0.25165000
   105.400       0.74924000      0.25076000
   105.600       0.74989000      0.25011000
   105.800       0.75067000      0.24933000
   106.000       0.75140000      0.24860000
   106.200       0.75238000      0.24762000
   106.400       0.75306000      0.24694000
   106.600       0.75385000      0.24615000
   106.800       0.75462000      0.24538000
   107.000       0.75543000      0.24457000
   107.200       0.75633000      0.24367000
   107.400       0.75706000      0.24294000
   107.600       0.75782000      0.24218000
   107.800       0.75873000      0.24127000
   108.000       0.75934000      0.24066000
   108.200       0.76019000      0.23981000
   108.400       0.76085000      0.23915000
   108.600       0.76153000      0.23847000
   108.800       0.76224000      0.23776000
   109.000       0.76306000      0.23694000
   109.200       0.76374000      0.23626000
   109.400       0.76450000      0.23550000
   109.600       0.76503000      0.23497000
   109.800       0.76569000      0.23431000
   110.000       0.76626000      0.23374000
   110.200       0.76679000      0.23321000
   110.400       0.76740000      0.23260000
   110.600       0.76789000      0.23211000
   110.800       0.76843000      0.23157000
   111.000       0.76904000      0.23096000
   111.200       0.76943000      0.23057000
   111.400       0.77009000      0.22991000
   111.600       0.77063000      0.22937000
   111.800       0.77113000      0.22887000
   112.000       0.77155000      0.22845000
   112.200       0.77213000      0.22787000
   112.400       0.77270000      0.22730000
   112.600       0.77315000      0.22685000
   112.800       0.77368000      0.22632000
   113.000       0.77402000      0.22598000
   113.200       0.77448000      0.22552000
   113.400       0.77485000      0.22515000
   113.600       0.77517000      0.22483000
   113.800       0.77559000      0.22441000
   114.000       0.77595000      0.22405000
   114.200       0.77622000      0.22378000
   114.400       0.77657000      0.22343000
   114.600       0.77683000      0.22317000
   114.800       0.77713000      0.22287000
   115.000       0.77743000      0.22257000
   115.200       0.77770000      0.22230000
   115.400       0.77795000      0.22205000
   115.600       0.77819000      0.22181000
   115.800       0.77844000      0.22156000
   116.000       0.77875000      0.22125000
   116.200       0.77906000      0.22094000
   116.400       0.77929000      0.22071000
   116.600       0.77963000      0.22037000
   116.800       0.77994000      0.22006000
   117.000       0.78018000      0.21982000
   117.200       0.78034000      0.21966000
   117.400       0.78061000      0.21939000
   117.600       0.78085000      0.21915000
   117.800       0.78102000      0.21898000
   118.000       0.78122000      0.21878000
   118.200       0.78146000      0.21854000
   118.400       0.78170000      0.21830000
   118.600       0.78187000      0.21813000
   118.800       0.78206000      0.21794000
   119.000       0.78225000      0.21775000
   119.200       0.78241000      0.21759000
   119.400       0.78255000      0.21745000
   119.600       0.78272000      0.21728000
   119.800       0.78285000      0.21715000
   120.000       0.78294000      0.21706000
   120.200       0.78312000      0.21688000
   120.400       0.78322000      0.21678000
   120.600       0.78333000      0.21667000
   120.800       0.78339000      0.21661000
   121.000       0.78346000      0.21654000
   121.200       0.78355000      0.21645000
   121.400       0.78366000      0.21634000
   121.600       0.78374000      0.21626000
   121.800       0.78384000      0.21616000
   122.000       0.78395000      0.21605000
   122.200       0.78404000      0.21596000
   122.400       0.78412000      0.21588000
   122.600       0.78420000      0.21580000
   122.800       0.78432000      0.21568000
   123.000       0.78440000      0.21560000
   123.200       0.78451000      0.21549000
   123.400       0.78459000      0.21541000
   123.600       0.78462000      0.21538000
   123.800       0.78466000      0.21534000
   124.000       0.78472000      0.21528000
   124.200       0.78477000      0.21523000
   124.400       0.78482000      0.21518000
   124.600       0.78485000      0.21515000
   124.800       0.78492000      0.21508000
   125.000       0.78498000      0.21502000
   125.200       0.78504000      0.21496000
   125.400       0.78507000      0.21493000
   125.600       0.78512000      0.21488000
   125.800       0.78518000      0.21482000
   126.000       0.78520000      0.21480000
   126.200       0.78524000      0.21476000
   126.400       0.78530000      0.21470000
   126.600       0.78532000      0.21468000
   126.800       0.78535000      0.21465000
   127.000       0.78539000      0.21461000
   127.200       0.78545000      0.21455000
   127.400       0.78546000      0.21454000
   127.600       0.78551000      0.21449000
   127.800       0.78554000      0.21446000
   128.000       0.78558000      0.21442000
   128.200       0.78562000      0.21438000
   128.400       0.78564000      0.21436000
   128.600       0.78567000      0.21433000
   128.800       0.78568000      0.21432000
   129.000       0.78573000      0.21427000
   129.200       0.78576000      0.21424000
   129.400       0.78578000      0.21422000
   129.600       0.78576000      0.21424000
   129.800       0.78577000      0.21423000
   130.000       0.78577000      0.21423000
   130.200       0.78578000      0.21422000
   130.400       0.78580000      0.21420000
   130.600       0.78580000      0.21420000
   130.800       0.78581000      0.21419000
   131.000       0.78581000      0.21419000
   131.200       0.78581000      0.21419000
   131.400       0.78582000      0.21418000
   131.600       0.78582000      0.21418000
   131.800       0.78583000      0.21417000
   132.000       0.78583000      0.21417000
   132.200       0.78582000      0.21418000
   132.400       0.78582000      0.21418000
   132.600       0.78583000      0.21417000
   132.800       0.78583000      0.21417000
   133.000       0.78584000      0.21416000
   133.200       0.78585000      0.21415000
   133.400       0.78585000      0.21415000
   133.600       0.78586000      0.21414000
   133.800       0.78586000      0.21414000
   134.000       0.78586000      0.21414000
   134.200       0.78586000      0.21414000
   134.400       0.78586000      0.21414000
   134.600       0.78587000      0.21413000
   134.800       0.78588000      0.21412000
   135.000       0.78587000      0.21413000
   135.200       0.78586000      0.21414000
   135.400       0.78586000      0.21414000
   135.600       0.78584000      0.21416000
   135.800       0.78583000      0.21417000
   136.000       0.78583000      0.21417000
   136.200       0.78582000      0.21418000
   136.400       0.78581000      0.21419000
   136.600       0.78581000      0.21419000
   136.800       0.78581000      0.21419000
   137.000       0.78581000      0.21419000
   137.200       0.78581000      0.21419000
   137.400       0.78581000      0.21419000
   137.600       0.78581000      0.21419000
   137.800       0.78580000      0.21420000
   138.000       0.78580000      0.21420000
   138.200       0.78580000      0.21420000
   138.400       0.78580000      0.21420000
   138.600       0.78580000      0.21420000
   138.800       0.78580000      0.21420000
   139.000       0.78580000      0.21420000
   139.200       0.78580000      0.21420000
   139.400       0.78580000      0.21420000
   139.600       0.78580000      0.21420000
   139.800       0.78580000      0.21420000
   140.000       0.78579000      0.21421000
   140.200       0.78579000      0.21421000
   140.400       0.78578000      0.21422000
   140.600       0.78578000      0.21422000
   140.800       0.78578000      0.21422000
   141.000       0.78578000      0.21422000
   141.200       0.78578000      0.21422000
   141.400       0.78578000      0.21422000
   141.600       0.78578000      0.21422000
   141.800       0.78577000      0.21423000
   142.000       0.78578000      0.21422000
   142.200       0.78579000      0.21421000
   142.400       0.78580000      0.21420000
   142.600       0.78581000      0.21419000
   142.800       0.78581000      0.21419000
   143.000       0.78581000      0.21419000
   143.200       0.78581000      0.21419000
   143.400       0.78581000      0.21419000
   143.600       0.78580000      0.21420000
   143.800       0.78580000      0.21420000
   144.000       0.78579000      0.21421000
   144.200       0.78579000      0.21421000
   144.400       0.78579000      0.21421000
   144.600       0.78579000      0.21421000
   144.800       0.78579000      0.21421000
   145.000       0.78579000      0.21421000
   145.200       0.78579000      0.21421000
   145.400       0.78579000      0.21421000
   145.600       0.78579000      0.21421000
   145.800       0.78579000      0.21421000
   146.000       0.78579000      0.21421000
   146.200       0.78579000      0.21421000
   146.400       0.78579000      0.21421000
   146.600       0.78579000      0.21421000
   146.800       0.78579000      0.21421000
   147.000       0.78578000      0.21422000
   147.200       0.78577000      0.21423000
   147.400       0.78577000      0.21423000
   147.600       0.78577000      0.21423000
   147.800       0.78577000      0.21423000
   148.000       0.78577000      0.21423000
   148.200       0.78577000      0.21423000
   148.400       0.78577000      0.21423000
   148.600       0.78577000      0.21423000
   148.800       0.78577000      0.21423000
   149.000       0.78577000      0.21423000
   149.200       0.78577000      0.21423000
   149.400       0.78577000      0.21423000
   149.600       0.78576000      0.21424000
   149.800       0.78576000      0.21424000
   150.000       0.78576000      0.21424000
