     0.000       0.00017101      0.00000000
     0.200       0.00017744     -0.00000173
     0.400       0.00018410     -0.00000352
     0.600       0.00019100     -0.00000538
     0.800       0.00019814     -0.00000731
     1.000       0.00020554     -0.00000931
     1.200       0.00021321     -0.00001139
     1.400       0.00022115     -0.00001354
     1.600       0.00022938     -0.00001577
     1.800       0.00023791     -0.00001809
     2.000       0.00024675     -0.00002049
     2.200       0.00025590     -0.00002298
     2.400       0.00026540     -0.00002556
     2.600       0.00027524     -0.00002824
     2.800       0.00028543     -0.00003101
     3.000       0.00029601     -0.00003389
     3.200       0.00030697     -0.00003688
     3.400       0.00031833     -0.00003998
     3.600       0.00033011     -0.00004319
     3.800       0.00034233     -0.00004652
     4.000       0.00035499     -0.00004997
     4.200       0.00036813     -0.00005355
     4.400       0.00038175     -0.00005727
     4.600       0.00039587     -0.00006112
     4.800       0.00041052     -0.00006512
     5.000       0.00042571     -0.00006926
     5.200       0.00044147     -0.00007356
     5.400       0.00045781     -0.00007801
     5.600       0.00047477     -0.00008263
     5.800       0.00049235     -0.00008742
     6.000       0.00051059     -0.00009239
     6.200       0.00052952     -0.00009755
     6.400       0.00054914     -0.00010290
     6.600       0.00056951     -0.00010844
     6.800       0.00059064     -0.00011419
     7.000       0.00061255     -0.00012015
     7.200       0.00063530     -0.00012634
     7.400       0.00065889     -0.00013276
     7.600       0.00068337     -0.00013941
     7.800       0.00070877     -0.00014631
     8.000       0.00073513     -0.00015347
     8.200       0.00076248     -0.00016090
     8.400       0.00079085     -0.00016860
     8.600       0.00082030     -0.00017659
     8.800       0.00085086     -0.00018488
     9.000       0.00088257     -0.00019347
     9.200       0.00091547     -0.00020239
     9.400       0.00094962     -0.00021164
     9.600       0.00098506     -0.00022123
     9.800       0.00102184     -0.00023119
    10.000       0.00106001     -0.00024151
    10.200       0.00109963     -0.00025222
    10.400       0.00114074     -0.00026334
    10.600       0.00118341     -0.00027486
    10.800       0.00122770     -0.00028682
    11.000       0.00127366     -0.00029923
    11.200       0.00132137     -0.00031210
    11.400       0.00137089     -0.00032546
    11.600       0.00142229     -0.00033931
    11.800       0.00147564     -0.00035369
    12.000       0.00153101     -0.00036861
    12.200       0.00158849     -0.00038408
    12.400       0.00164815     -0.00040014
    12.600       0.00171008     -0.00041680
    12.800       0.00177436     -0.00043408
    13.000       0.00184109     -0.00045202
    13.200       0.00191035     -0.00047063
    13.400       0.00198226     -0.00048994
    13.600       0.00205689     -0.00050998
    13.800       0.00213438     -0.00053078
    14.000       0.00221481     -0.00055236
    14.200       0.00229830     -0.00057475
    14.400       0.00238498     -0.00059799
    14.600       0.00247495     -0.00062210
    14.800       0.00256836     -0.00064712
    15.000       0.00266533     -0.00067309
    15.200       0.00276599     -0.00070004
    15.400       0.00287049     -0.00072801
    15.600       0.00297898     -0.00075703
    15.800       0.00309161     -0.00078716
    16.000       0.00320853     -0.00081842
    16.200       0.00332991     -0.00085086
    16.400       0.00345592     -0.00088454
    16.600       0.00358674     -0.00091949
    16.800       0.00372255     -0.00095576
    17.000       0.00386354     -0.00099341
    17.200       0.00400991     -0.00103249
    17.400       0.00416187     -0.00107305
    17.600       0.00431963     -0.00111514
    17.800       0.00448340     -0.00115884
    18.000       0.00465342     -0.00120419
    18.200       0.00482992     -0.00125126
    18.400       0.00501316     -0.00130013
    18.600       0.00520339     -0.00135085
    18.800       0.00540086     -0.00140349
    19.000       0.00560587     -0.00145814
    19.200       0.00581869     -0.00151487
    19.400       0.00603962     -0.00157375
    19.600       0.00626896     -0.00163488
    19.800       0.00650703     -0.00169833
    20.000       0.00675417     -0.00176419
    20.200       0.00701070     -0.00183257
    20.400       0.00727700     -0.00190355
    20.600       0.00755341     -0.00197723
    20.800       0.00784032     -0.00205372
    21.000       0.00813813     -0.00213313
    21.200       0.00844723     -0.00221556
    21.400       0.00876805     -0.00230114
    21.600       0.00910103     -0.00238998
    21.800       0.00944660     -0.00248221
    22.000       0.00980524     -0.00257795
    22.200       0.01017743     -0.00267736
    22.400       0.01056367     -0.00278055
    22.600       0.01096446     -0.00288769
    22.800       0.01138033     -0.00299892
    23.000       0.01181184     -0.00311439
    23.200       0.01225955     -0.00323428
    23.400       0.01272404     -0.00335874
    23.600       0.01320591     -0.00348796
    23.800       0.01370579     -0.00362212
    24.000       0.01422430     -0.00376141
    24.200       0.01476211     -0.00390602
    24.400       0.01531990     -0.00405616
    24.600       0.01589836     -0.00421204
    24.800       0.01649821     -0.00437388
    25.000       0.01712017     -0.00454191
    25.200       0.01776502     -0.00471637
    25.400       0.01843352     -0.00489750
    25.600       0.01912646     -0.00508555
    25.800       0.01984467     -0.00528080
    26.000       0.02058898     -0.00548352
    26.200       0.02136023     -0.00569400
    26.400       0.02215930     -0.00591252
    26.600       0.02298709     -0.00613941
    26.800       0.02384450     -0.00637498
    27.000       0.02473245     -0.00661956
    27.200       0.02565189     -0.00687349
    27.400       0.02660378     -0.00713714
    27.600       0.02758909     -0.00741087
    27.800       0.02860880     -0.00769508
    28.000       0.02966394     -0.00799015
    28.200       0.03075550     -0.00829650
    28.400       0.03188450     -0.00861456
    28.600       0.03305198     -0.00894478
    28.800       0.03425897     -0.00928762
    29.000       0.03550652     -0.00964355
    29.200       0.03679568     -0.01001308
    29.400       0.03812749     -0.01039672
    29.600       0.03950298     -0.01079500
    29.800       0.04092320     -0.01120847
    30.000       0.04238919     -0.01163770
    30.200       0.04390197     -0.01208330
    30.400       0.04546256     -0.01254587
    30.600       0.04707192     -0.01302604
    30.800       0.04873104     -0.01352449
    31.000       0.05044086     -0.01404188
    31.200       0.05220227     -0.01457892
    31.400       0.05401617     -0.01513634
    31.600       0.05588344     -0.01571490
    31.800       0.05780484     -0.01631536
    32.000       0.05978114     -0.01693853
    32.200       0.06181306     -0.01758525
    32.400       0.06390124     -0.01825637
    32.600       0.06604627     -0.01895277
    32.800       0.06824865     -0.01967536
    33.000       0.07050884     -0.02042508
    33.200       0.07282722     -0.02120289
    33.400       0.07520407     -0.02200980
    33.600       0.07763955     -0.02284681
    33.800       0.08013376     -0.02371499
    34.000       0.08268668     -0.02461541
    34.200       0.08529819     -0.02554917
    34.400       0.08796808     -0.02651741
    34.600       0.09069597     -0.02752129
    34.800       0.09348137     -0.02856200
    35.000       0.09632367     -0.02964073
    35.200       0.09922210     -0.03075875
    35.400       0.10217573     -0.03191730
    35.600       0.10518347     -0.03311766
    35.800       0.10824410     -0.03436116
    36.000       0.11135622     -0.03564910
    36.200       0.11451822     -0.03698283
    36.400       0.11772835     -0.03836372
    36.600       0.12098461     -0.03979314
    36.800       0.12428492     -0.04127247
    37.000       0.12762688     -0.04280312
    37.200       0.13100798     -0.04438649
    37.400       0.13442545     -0.04602400
    37.600       0.13787631     -0.04771704
    37.800       0.14135735     -0.04946704
    38.000       0.14486515     -0.05127538
    38.200       0.14839598     -0.05314344
    38.400       0.15194596     -0.05507259
    38.600       0.15551088     -0.05706414
    38.800       0.15908635     -0.05911937
    39.000       0.16266766     -0.06123946
    39.200       0.16624983     -0.06342556
    39.400       0.16982772     -0.06567866
    39.600       0.17339580     -0.06799967
    39.800       0.17694844     -0.07038933
    40.000       0.18047980     -0.07284821
    40.200       0.18398379     -0.07537675
    40.400       0.18745420     -0.07797518
    40.600       0.19088476     -0.08064362
    40.800       0.19426914     -0.08338207
    41.000       0.19760093     -0.08619050
    41.200       0.20087347     -0.08906886
    41.400       0.20408012     -0.09201715
    41.600       0.20721374     -0.09503542
    41.800       0.21026673     -0.09812373
    42.000       0.21323089     -0.10128157
    42.200       0.21609762     -0.10450799
    42.400       0.21885806     -0.10780089
    42.600       0.22150390     -0.11115738
    42.800       0.22402756     -0.11457406
    43.000       0.22642243     -0.11804792
    43.200       0.22868201     -0.12157659
    43.400       0.23079918     -0.12515874
    43.600       0.23276513     -0.12879255
    43.800       0.23456988     -0.13247443
    44.000       0.23620428     -0.13619829
    44.200       0.23766204     -0.13995702
    44.400       0.23893885     -0.14374572
    44.600       0.24002851     -0.14756140
    44.800       0.24092249     -0.15139954
    45.000       0.24161388     -0.15525166
    45.200       0.24210140     -0.15911505
    45.400       0.24237257     -0.16297861
    45.600       0.24242817     -0.16683142
    45.800       0.24227623     -0.17067512
    46.000       0.24190143     -0.17452263
    46.200       0.24127821     -0.17835690
    46.400       0.24040624     -0.18215760
    46.600       0.23927829     -0.18591671
    46.800       0.23789643     -0.18960401
    47.000       0.23627572     -0.19321318
    47.200       0.23442047     -0.19673285
    47.400       0.23235043     -0.20017029
    47.600       0.23005502     -0.20354679
    47.800       0.22750171     -0.20683925
    48.000       0.22469184     -0.21001507
    48.200       0.22165618     -0.21306513
    48.400       0.21839672     -0.21600315
    48.600       0.21491826     -0.21880665
    48.800       0.21122108     -0.22150651
    49.000       0.20726617     -0.22407129
    49.200       0.20306858     -0.22646477
    49.400       0.19864771     -0.22869114
    49.600       0.19401938     -0.23069685
    49.800       0.18920836     -0.23252153
    50.000       0.18418341     -0.23415344
    50.200       0.17898049     -0.23552833
    50.400       0.17366634     -0.23668829
    50.600       0.16821301     -0.23768655
    50.800       0.16260787     -0.23843868
    51.000       0.15688344     -0.23897869
    51.200       0.15105242     -0.23929796
    51.400       0.14509092     -0.23943844
    51.600       0.13898866     -0.23932545
    51.800       0.13280767     -0.23898946
    52.000       0.12651816     -0.23838649
    52.200       0.12018251     -0.23749956
    52.400       0.11380794     -0.23636658
    52.600       0.10741004     -0.23495662
    52.800       0.10098535     -0.23332229
    53.000       0.09456774     -0.23137017
    53.200       0.08821200     -0.22908772
    53.400       0.08201369     -0.22654740
    53.600       0.07595002     -0.22387064
    53.800       0.06995621     -0.22104420
    54.000       0.06399738     -0.21814177
    54.200       0.05801403     -0.21496448
    54.400       0.05219080     -0.21157980
    54.600       0.04645907     -0.20806591
    54.800       0.04081447     -0.20426935
    55.000       0.03536203     -0.20028185
    55.200       0.03011974     -0.19613073
    55.400       0.02505533     -0.19197612
    55.600       0.02003132     -0.18773950
    55.800       0.01519053     -0.18324512
    56.000       0.01050597     -0.17880944
    56.200       0.00573790     -0.17415717
    56.400       0.00120246     -0.16915404
    56.600      -0.00303705     -0.16406004
    56.800      -0.00706220     -0.15869478
    57.000      -0.01056448     -0.15322006
    57.200      -0.01361541     -0.14798067
    57.400      -0.01648828     -0.14303118
    57.600      -0.01958010     -0.13815333
    57.800      -0.02258677     -0.13282463
    58.000      -0.02496740     -0.12745987
    58.200      -0.02701148     -0.12231821
    58.400      -0.02908940     -0.11753100
    58.600      -0.03118962     -0.11256183
    58.800      -0.03283615     -0.10759205
    59.000      -0.03440794     -0.10285656
    59.200      -0.03590579     -0.09799715
    59.400      -0.03726855     -0.09315259
    59.600      -0.03827510     -0.08814510
    59.800      -0.03878928     -0.08326754
    60.000      -0.03912421     -0.07871581
    60.200      -0.03924180     -0.07447084
    60.400      -0.03931044     -0.07063314
    60.600      -0.03939577     -0.06688395
    60.800      -0.03946197     -0.06315210
    61.000      -0.03923922     -0.05948641
    61.200      -0.03898806     -0.05643096
    61.400      -0.03926951     -0.05350722
    61.600      -0.03959170     -0.05005611
    61.800      -0.03947438     -0.04648690
    62.000      -0.03887498     -0.04308534
    62.200      -0.03818236     -0.04026099
    62.400      -0.03777261     -0.03774308
    62.600      -0.03753620     -0.03519113
    62.800      -0.03738664     -0.03247668
    63.000      -0.03701607     -0.02933820
    63.200      -0.03587471     -0.02629679
    63.400      -0.03461860     -0.02397375
    63.600      -0.03359805     -0.02177027
    63.800      -0.03231801     -0.01968291
    64.000      -0.03133215     -0.01794186
    64.200      -0.03011104     -0.01628664
    64.400      -0.02898394     -0.01491078
    64.600      -0.02778724     -0.01357835
    64.800      -0.02686379     -0.01283406
    65.000      -0.02654097     -0.01187275
    65.200      -0.02614470     -0.01035943
    65.400      -0.02541195     -0.00865629
    65.600      -0.02419516     -0.00721118
    65.800      -0.02282125     -0.00624057
    66.000      -0.02167375     -0.00559778
    66.200      -0.02106233     -0.00506886
    66.400      -0.02040686     -0.00418924
    66.600      -0.01931833     -0.00348662
    66.800      -0.01864574     -0.00328677
    67.000      -0.01843422     -0.00289598
    67.200      -0.01806232     -0.00185768
    67.400      -0.01707389     -0.00080497
    67.600      -0.01613163     -0.00035709
    67.800      -0.01539903      0.00041842
    68.000      -0.01421593      0.00084908
    68.200      -0.01352209      0.00082527
    68.400      -0.01259731      0.00106343
    68.600      -0.01183470      0.00071921
    68.800      -0.01157643      0.00071488
    69.000      -0.01113261      0.00092680
    69.200      -0.01067742      0.00119011
    69.400      -0.01004540      0.00136728
    69.600      -0.00942163      0.00125023
    69.800      -0.00913692      0.00108515
    70.000      -0.00905659      0.00124669
    70.200      -0.00872673      0.00164133
    70.400      -0.00827333      0.00191712
    70.600      -0.00766534      0.00235116
    70.800      -0.00683645      0.00229600
    71.000      -0.00638443      0.00219645
    71.200      -0.00570448      0.00212700
    71.400      -0.00529465      0.00170489
    71.600      -0.00492263      0.00130791
    71.800      -0.00505641      0.00090330
    72.000      -0.00510415      0.00109505
    72.200      -0.00473882      0.00106403
    72.400      -0.00480978      0.00108583
    72.600      -0.00462063      0.00147179
    72.800      -0.00403172      0.00161343
    73.000      -0.00358298      0.00138599
    73.200      -0.00327510      0.00126570
    73.400      -0.00273381      0.00094087
    73.600      -0.00270497      0.00014940
    73.800      -0.00322491     -0.00005610
    74.000      -0.00329510      0.00028358
    74.200      -0.00315656      0.00034299
    74.400      -0.00313678      0.00042937
    74.600      -0.00283967      0.00057048
    74.800      -0.00265605      0.00040905
    75.000      -0.00261049      0.00055826
    75.200      -0.00221555      0.00053719
    75.400      -0.00214026      0.00025825
    75.600      -0.00212943      0.00024203
    75.800      -0.00202942      0.00016596
    76.000      -0.00217405      0.00018945
    76.200      -0.00203553      0.00047937
    76.400      -0.00174236      0.00032125
    76.600      -0.00180068      0.00032541
    76.800      -0.00162754      0.00040804
    77.000      -0.00145712      0.00047244
    77.200      -0.00111044      0.00048954
    77.400      -0.00087484      0.00033308
    77.600      -0.00071633      0.00022030
    77.800      -0.00062478      0.00005613
    78.000      -0.00050983      0.00002621
    78.200      -0.00033072     -0.00008776
    78.400      -0.00023090     -0.00021217
    78.600       0.00002151     -0.00035540
    78.800       0.00009820     -0.00064469
    79.000       0.00002360     -0.00082617
    79.200       0.00000860     -0.00079948
    79.400       0.00020345     -0.00087237
    79.600       0.00018149     -0.00102059
    79.800       0.00021412     -0.00100476
    80.000       0.00028518     -0.00106855
    80.200       0.00033940     -0.00107664
    80.400       0.00045471     -0.00107856
    80.600       0.00060800     -0.00111264
    80.800       0.00077817     -0.00114197
    81.000       0.00098739     -0.00126101
    81.200       0.00113931     -0.00141242
    81.400       0.00131310     -0.00154511
    81.600       0.00142832     -0.00169015
    81.800       0.00159069     -0.00180495
    82.000       0.00173236     -0.00201474
    82.200       0.00179562     -0.00216298
    82.400       0.00193055     -0.00228071
    82.600       0.00202452     -0.00242114
    82.800       0.00215582     -0.00247583
    83.000       0.00234170     -0.00258324
    83.200       0.00255981     -0.00270525
    83.400       0.00275306     -0.00288053
    83.600       0.00296591     -0.00301424
    83.800       0.00319261     -0.00321675
    84.000       0.00339174     -0.00340428
    84.200       0.00356711     -0.00363019
    84.400       0.00374378     -0.00375792
    84.600       0.00399985     -0.00394787
    84.800       0.00421743     -0.00411061
    85.000       0.00448697     -0.00430416
    85.200       0.00471055     -0.00450416
    85.400       0.00500197     -0.00468113
    85.600       0.00529735     -0.00490554
    85.800       0.00559813     -0.00510190
    86.000       0.00592474     -0.00534786
    86.200       0.00621897     -0.00557150
    86.400       0.00656940     -0.00578594
    86.600       0.00694219     -0.00603930
    86.800       0.00730941     -0.00632040
    87.000       0.00767202     -0.00659948
    87.200       0.00804974     -0.00688572
    87.400       0.00843498     -0.00715537
    87.600       0.00885632     -0.00743982
    87.800       0.00928426     -0.00773254
    88.000       0.00973007     -0.00803416
    88.200       0.01017982     -0.00834202
    88.400       0.01066392     -0.00864564
    88.600       0.01116954     -0.00897947
    88.800       0.01167252     -0.00932041
    89.000       0.01221119     -0.00966269
    89.200       0.01275859     -0.01003409
    89.400       0.01330731     -0.01039798
    89.600       0.01388735     -0.01077245
    89.800       0.01447324     -0.01115989
    90.000       0.01507970     -0.01155020
    90.200       0.01569950     -0.01195437
    90.400       0.01633559     -0.01236262
    90.600       0.01698629     -0.01277752
    90.800       0.01767366     -0.01320341
    91.000       0.01835993     -0.01366353
    91.200       0.01905544     -0.01410612
    91.400       0.01978115     -0.01456584
    91.600       0.02051798     -0.01503557
    91.800       0.02126373     -0.01552147
    92.000       0.02202449     -0.01600018
    92.200       0.02281145     -0.01649395
    92.400       0.02361149     -0.01699496
    92.600       0.02443008     -0.01751202
    92.800       0.02525745     -0.01803488
    93.000       0.02610502     -0.01856681
    93.200       0.02696900     -0.01911056
    93.400       0.02784298     -0.01967348
    93.600       0.02871955     -0.02023408
    93.800       0.02962647     -0.02080174
    94.000       0.03053845     -0.02139519
    94.200       0.03145449     -0.02198925
    94.400       0.03238737     -0.02258972
    94.600       0.03333007     -0.02319824
    94.800       0.03428905     -0.02381451
    95.000       0.03525690     -0.02444726
    95.200       0.03623076     -0.02508419
    95.400       0.03722059     -0.02573463
    95.600       0.03820883     -0.02639917
    95.800       0.03920398     -0.02706724
    96.000       0.04020531     -0.02774786
    96.200       0.04121051     -0.02843141
    96.400       0.04222540     -0.02912715
    96.600       0.04324167     -0.02983177
    96.800       0.04426117     -0.03054548
    97.000       0.04527948     -0.03126532
    97.200       0.04630306     -0.03199132
    97.400       0.04732809     -0.03272796
    97.600       0.04835115     -0.03347444
    97.800       0.04937114     -0.03422556
    98.000       0.05039317     -0.03498476
    98.200       0.05141011     -0.03575395
    98.400       0.05242277     -0.03652830
    98.600       0.05343294     -0.03731013
    98.800       0.05443621     -0.03810090
    99.000       0.05543333     -0.03889595
    99.200       0.05642457     -0.03970022
    99.400       0.05740579     -0.04050953
    99.600       0.05838035     -0.04132594
    99.800       0.05934333     -0.04214870
   100.000       0.06029725     -0.04297703
   100.200       0.06123883     -0.04381200
   100.400       0.06216881     -0.04465190
   100.600       0.06308561     -0.04549809
   100.800       0.06398864     -0.04634895
   101.000       0.06487727     -0.04720553
   101.200       0.06575035     -0.04806657
   101.400       0.06660765     -0.04893277
   101.600       0.06744788     -0.04980317
   101.800       0.06827093     -0.05067821
   102.000       0.06907553     -0.05155713
   102.200       0.06986161     -0.05244022
   102.400       0.07062800     -0.05332681
   102.600       0.07137457     -0.05421713
   102.800       0.07210029     -0.05511055
   103.000       0.07280498     -0.05600726
   103.200       0.07348781     -0.05690665
   103.400       0.07414847     -0.05780890
   103.600       0.07478629     -0.05871342
   103.800       0.07540097     -0.05962034
   104.000       0.07599193     -0.06052914
   104.200       0.07655886     -0.06143987
   104.400       0.07710133     -0.06235207
   104.600       0.07761898     -0.06326575
   104.800       0.07811153     -0.06418049
   105.000       0.07857860     -0.06509624
   105.200       0.07901999     -0.06601266
   105.400       0.07943538     -0.06692963
   105.600       0.07982463     -0.06784685
   105.800       0.08018741     -0.06876418
   106.000       0.08052367     -0.06968135
   106.200       0.08083319     -0.07059818
   106.400       0.08111595     -0.07151444
   106.600       0.08137175     -0.07242992
   106.800       0.08160060     -0.07334441
   107.000       0.08180239     -0.07425770
   107.200       0.08197712     -0.07516958
   107.400       0.08212479     -0.07607984
   107.600       0.08224541     -0.07698829
   107.800       0.08233902     -0.07789469
   108.000       0.08240570     -0.07879887
   108.200       0.08244549     -0.07970060
   108.400       0.08245852     -0.08059971
   108.600       0.08244486     -0.08149597
   108.800       0.08240466     -0.08238920
   109.000       0.08233809     -0.08327919
   109.200       0.08224530     -0.08416576
   109.400       0.08212647     -0.08504871
   109.600       0.08198179     -0.08592784
   109.800       0.08181146     -0.08680297
   110.000       0.08161570     -0.08767392
   110.200       0.08139475     -0.08854048
   110.400       0.08114881     -0.08940249
   110.600       0.08087816     -0.09025976
   110.800       0.08058306     -0.09111210
   111.000       0.08026380     -0.09195935
   111.200       0.07992068     -0.09280132
   111.400       0.07955394     -0.09363784
   111.600       0.07916394     -0.09446874
   111.800       0.07875095     -0.09529385
   112.000       0.07831527     -0.09611300
   112.200       0.07785721     -0.09692603
   112.400       0.07737712     -0.09773277
   112.600       0.07687533     -0.09853306
   112.800       0.07635215     -0.09932675
   113.000       0.07580793     -0.10011367
   113.200       0.07524298     -0.10089367
   113.400       0.07465766     -0.10166661
   113.600       0.07405229     -0.10243232
   113.800       0.07342722     -0.10319066
   114.000       0.07278281     -0.10394148
   114.200       0.07211941     -0.10468465
   114.400       0.07143736     -0.10542002
   114.600       0.07073700     -0.10614745
   114.800       0.07001869     -0.10686681
   115.000       0.06928277     -0.10757795
   115.200       0.06852960     -0.10828075
   115.400       0.06775951     -0.10897508
   115.600       0.06697284     -0.10966081
   115.800       0.06616994     -0.11033781
   116.000       0.06535115     -0.11100596
   116.200       0.06451681     -0.11166514
   116.400       0.06366726     -0.11231523
   116.600       0.06280284     -0.11295611
   116.800       0.06192388     -0.11358767
   117.000       0.06103071     -0.11420980
   117.200       0.06012364     -0.11482237
   117.400       0.05920298     -0.11542529
   117.600       0.05826909     -0.11601846
   117.800       0.05732225     -0.11660175
   118.000       0.05636278     -0.11717508
   118.200       0.05539099     -0.11773834
   118.400       0.05440718     -0.11829143
   118.600       0.05341165     -0.11883426
   118.800       0.05240471     -0.11936673
   119.000       0.05138663     -0.11988876
   119.200       0.05035772     -0.12040025
   119.400       0.04931825     -0.12090111
   119.600       0.04826850     -0.12139127
   119.800       0.04720876     -0.12187064
   120.000       0.04613930     -0.12233913
   120.200       0.04506038     -0.12279667
   120.400       0.04397228     -0.12324318
   120.600       0.04287525     -0.12367857
   120.800       0.04176956     -0.12410279
   121.000       0.04065545     -0.12451575
   121.200       0.03953320     -0.12491739
   121.400       0.03840304     -0.12530763
   121.600       0.03726522     -0.12568642
   121.800       0.03611998     -0.12605369
   122.000       0.03496757     -0.12640937
   122.200       0.03380822     -0.12675340
   122.400       0.03264215     -0.12708573
   122.600       0.03146961     -0.12740631
   122.800       0.03029082     -0.12771507
   123.000       0.02910600     -0.12801197
   123.200       0.02791539     -0.12829695
   123.400       0.02671918     -0.12856996
   123.600       0.02551761     -0.12883095
   123.800       0.02431087     -0.12907988
   124.000       0.02309919     -0.12931670
   124.200       0.02188276     -0.12954138
   124.400       0.02066180     -0.12975386
   124.600       0.01943652     -0.12995411
   124.800       0.01820711     -0.13014209
   125.000       0.01697378     -0.13031777
   125.200       0.01573671     -0.13048111
   125.400       0.01449610     -0.13063208
   125.600       0.01325214     -0.13077066
   125.800       0.01200503     -0.13089681
   126.000       0.01075495     -0.13101052
   126.200       0.00950208     -0.13111175
   126.400       0.00824661     -0.13120049
   126.600       0.00698872     -0.13127670
   126.800       0.00572862     -0.13134037
   127.000       0.00446645     -0.13139148
   127.200       0.00320242     -0.13142999
   127.400       0.00193668     -0.13145592
   127.600       0.00066943     -0.13146922
   127.800      -0.00059916     -0.13146989
   128.000      -0.00186894     -0.13145793
   128.200      -0.00313972     -0.13143331
   128.400      -0.00441133     -0.13139604
   128.600      -0.00568362     -0.13134610
   128.800      -0.00695642     -0.13128351
   129.000      -0.00822956     -0.13120825
   129.200      -0.00950289     -0.13112033
   129.400      -0.01077623     -0.13101974
   129.600      -0.01204942     -0.13090646
   129.800      -0.01332231     -0.13078054
   130.000      -0.01459474     -0.13064194
   130.200      -0.01586655     -0.13049067
   130.400      -0.01713759     -0.13032677
   130.600      -0.01840769     -0.13015022
   130.800      -0.01967671     -0.12996104
   131.000      -0.02094449     -0.12975924
   131.200      -0.02221089     -0.12954483
   131.400      -0.02347574     -0.12931783
   131.600      -0.02473891     -0.12907826
   131.800      -0.02600023     -0.12882610
   132.000      -0.02725954     -0.12856139
   132.200      -0.02851672     -0.12828415
   132.400      -0.02977162     -0.12799441
   132.600      -0.03102410     -0.12769220
   132.800      -0.03227401     -0.12737755
   133.000      -0.03352121     -0.12705046
   133.200      -0.03476554     -0.12671096
   133.400      -0.03600686     -0.12635907
   133.600      -0.03724503     -0.12599482
   133.800      -0.03847992     -0.12561826
   134.000      -0.03971140     -0.12522942
   134.200      -0.04093932     -0.12482835
   134.400      -0.04216355     -0.12441506
   134.600      -0.04338394     -0.12398959
   134.800      -0.04460035     -0.12355196
   135.000      -0.04581264     -0.12310222
   135.200      -0.04702068     -0.12264039
   135.400      -0.04822434     -0.12216653
   135.600      -0.04942350     -0.12168071
   135.800      -0.05061802     -0.12118296
   136.000      -0.05180778     -0.12067332
   136.200      -0.05299262     -0.12015183
   136.400      -0.05417241     -0.11961853
   136.600      -0.05534706     -0.11907348
   136.800      -0.05651641     -0.11851675
   137.000      -0.05768035     -0.11794837
   137.200      -0.05883875     -0.11736841
   137.400      -0.05999150     -0.11677694
   137.600      -0.06113846     -0.11617398
   137.800      -0.06227949     -0.11555959
   138.000      -0.06341448     -0.11493384
   138.200      -0.06454333     -0.11429681
   138.400      -0.06566589     -0.11364851
   138.600      -0.06678205     -0.11298906
   138.800      -0.06789171     -0.11231851
   139.000      -0.06899475     -0.11163694
   139.200      -0.07009104     -0.11094439
   139.400      -0.07118046     -0.11024093
   139.600      -0.07226291     -0.10952663
   139.800      -0.07333825     -0.10880156
   140.000      -0.07440639     -0.10806580
   140.200      -0.07546722     -0.10731943
   140.400      -0.07652060     -0.10656249
   140.600      -0.07756644     -0.10579507
   140.800      -0.07860463     -0.10501726
   141.000      -0.07963504     -0.10422910
   141.200      -0.08065759     -0.10343071
   141.400      -0.08167218     -0.10262217
   141.600      -0.08267868     -0.10180354
   141.800      -0.08367701     -0.10097492
   142.000      -0.08466704     -0.10013637
   142.200      -0.08564870     -0.09928801
   142.400      -0.08662186     -0.09842988
   142.600      -0.08758641     -0.09756208
   142.800      -0.08854228     -0.09668471
   143.000      -0.08948935     -0.09579785
   143.200      -0.09042752     -0.09490157
   143.400      -0.09135670     -0.09399598
   143.600      -0.09227680     -0.09308118
   143.800      -0.09318771     -0.09215723
   144.000      -0.09408935     -0.09122425
   144.200      -0.09498163     -0.09028233
   144.400      -0.09586446     -0.08933157
   144.600      -0.09673776     -0.08837207
   144.800      -0.09760142     -0.08740392
   145.000      -0.09845535     -0.08642721
   145.200      -0.09929949     -0.08544206
   145.400      -0.10013375     -0.08444856
   145.600      -0.10095803     -0.08344681
   145.800      -0.10177225     -0.08243691
   146.000      -0.10257636     -0.08141899
   146.200      -0.10337022     -0.08039309
   146.400      -0.10415377     -0.07935935
   146.600      -0.10492695     -0.07831787
   146.800      -0.10568967     -0.07726878
   147.000      -0.10644187     -0.07621217
   147.200      -0.10718345     -0.07514813
   147.400      -0.10791435     -0.07407678
   147.600      -0.10863449     -0.07299824
   147.800      -0.10934381     -0.07191260
   148.000      -0.11004222     -0.07081997
   148.200      -0.11072966     -0.06972048
   148.400      -0.11140607     -0.06861423
   148.600      -0.11207138     -0.06750133
   148.800      -0.11272553     -0.06638191
   149.000      -0.11336844     -0.06525607
   149.200      -0.11400004     -0.06412390
   149.400      -0.11462029     -0.06298556
   149.600      -0.11522912     -0.06184114
   149.800      -0.11582647     -0.06069076
   150.000      -0.11641230     -0.05953456
