     0.000       0.00010199      0.99989801
     0.100       0.00327613      0.99672387
     0.200       0.00327963      0.99672037
     0.300       0.00328473      0.99671527
     0.400       0.00329143      0.99670857
     0.500       0.00329977      0.99670023
     0.600       0.00330976      0.99669024
     0.700       0.00332144      0.99667856
     0.800       0.00333484      0.99666516
     0.900       0.00335002      0.99664998
     1.000       0.00336702      0.99663298
     1.100       0.00338592      0.99661408
     1.200       0.00340679      0.99659321
     1.300       0.00342973      0.99657027
     1.400       0.00345481      0.99654519
     1.500       0.00348218      0.99651782
     1.600       0.00351197      0.99648803
     1.700       0.00354437      0.99645563
     1.800       0.00357959      0.99642041
     1.900       0.00361772      0.99638228
     2.000       0.00365909      0.99634091
     2.100       0.00370370      0.99629630
     2.200       0.00375176      0.99624824
     2.300       0.00380372      0.99619628
     2.400       0.00385980      0.99614020
     2.500       0.00391983      0.99608017
     2.600       0.00398401      0.99601599
     2.700       0.00415076      0.99584924
     2.800       0.00422487      0.99577513
     2.900       0.00439996      0.99560004
     3.000       0.00448438      0.99551562
     3.100       0.00457552      0.99542448
     3.200       0.00467395      0.99532605
     3.300       0.00478053      0.99521947
     3.400       0.00489553      0.99510447
     3.500       0.00501906      0.99498094
     3.600       0.00515420      0.99484580
     3.700       0.00530137      0.99469863
     3.800       0.00546214      0.99453786
     3.900       0.00563583      0.99436417
     4.000       0.00582496      0.99417504
     4.100       0.00603114      0.99396886
     4.200       0.00625613      0.99374387
     4.300       0.00650183      0.99349817
     4.400       0.00676919      0.99323081
     4.500       0.00715778      0.99284222
     4.600       0.00747300      0.99252700
     4.700       0.00787277      0.99212723
     4.800       0.00832568      0.99167432
     4.900       0.00891823      0.99108177
     5.000       0.00966609      0.99033391
     5.100       0.01015770      0.98984230
     5.200       0.01101749      0.98898251
     5.300       0.01191646      0.98808354
     5.400       0.01252893      0.98747107
     5.500       0.01320221      0.98679779
     5.600       0.01469070      0.98530930
     5.700       0.01554743      0.98445257
     5.800       0.01699012      0.98300988
     5.900       0.01887957      0.98112043
     6.000       0.02037957      0.97962043
     6.100       0.02248892      0.97751108
     6.200       0.02441057      0.97558943
     6.300       0.02622755      0.97377245
     6.400       0.02894092      0.97105908
     6.500       0.03225915      0.96774085
     6.600       0.03451805      0.96548195
     6.700       0.03600392      0.96399608
     6.800       0.03994728      0.96005272
     6.900       0.04270235      0.95729765
     7.000       0.04695243      0.95304757
     7.100       0.05019067      0.94980933
     7.200       0.05624356      0.94375644
     7.300       0.06088807      0.93911193
     7.400       0.06634024      0.93365976
     7.500       0.07055172      0.92944828
     7.600       0.07512952      0.92487048
     7.700       0.08146404      0.91853596
     7.800       0.08779980      0.91220020
     7.900       0.09493283      0.90506717
     8.000       0.10213180      0.89786820
     8.100       0.10904593      0.89095407
     8.200       0.11582130      0.88417870
     8.300       0.12325536      0.87674464
     8.400       0.13001067      0.86998933
     8.500       0.13516575      0.86483425
     8.600       0.13962559      0.86037441
     8.700       0.14415895      0.85584105
     8.800       0.14843444      0.85156556
     8.900       0.15234872      0.84765128
     9.000       0.15459478      0.84540522
     9.100       0.15830391      0.84169609
     9.200       0.16091833      0.83908167
     9.300       0.16219232      0.83780768
     9.400       0.16289580      0.83710420
     9.500       0.16373105      0.83626895
     9.600       0.16377331      0.83622669
     9.700       0.16252904      0.83747096
     9.800       0.16173301      0.83826699
     9.900       0.16099909      0.83900091
    10.000       0.15996889      0.84003111
    10.100       0.15922655      0.84077345
    10.200       0.15785898      0.84214102
    10.300       0.15627091      0.84372909
    10.400       0.15433748      0.84566252
    10.500       0.15267292      0.84732708
    10.600       0.15245915      0.84754085
    10.700       0.15150145      0.84849855
    10.800       0.15090313      0.84909687
    10.900       0.15065936      0.84934064
    11.000       0.15066108      0.84933892
    11.100       0.15051755      0.84948245
    11.200       0.15196734      0.84803266
    11.300       0.15304258      0.84695742
    11.400       0.15420752      0.84579248
    11.500       0.15539612      0.84460388
    11.600       0.15766957      0.84233043
    11.700       0.16014466      0.83985534
    11.800       0.16309759      0.83690241
    11.900       0.16589790      0.83410210
    12.000       0.16957212      0.83042788
    12.100       0.17305775      0.82694225
    12.200       0.17679136      0.82320864
    12.300       0.18067578      0.81932422
    12.400       0.18584858      0.81415142
    12.500       0.19012710      0.80987290
    12.600       0.19593297      0.80406703
    12.700       0.20166572      0.79833428
    12.800       0.20739977      0.79260023
    12.900       0.21322774      0.78677226
    13.000       0.22018893      0.77981107
    13.100       0.22775385      0.77224615
    13.200       0.23595662      0.76404338
    13.300       0.24431495      0.75568505
    13.400       0.25326091      0.74673909
    13.500       0.26153698      0.73846302
    13.600       0.27196431      0.72803569
    13.700       0.28110965      0.71889035
    13.800       0.29052695      0.70947305
    13.900       0.30079663      0.69920337
    14.000       0.31058939      0.68941061
    14.100       0.32180454      0.67819546
    14.200       0.33285395      0.66714605
    14.300       0.34419142      0.65580858
    14.400       0.35455978      0.64544022
    14.500       0.36502359      0.63497641
    14.600       0.37644164      0.62355836
    14.700       0.38600556      0.61399444
    14.800       0.39696445      0.60303555
    14.900       0.40770967      0.59229033
    15.000       0.41855272      0.58144728
    15.100       0.42941033      0.57058967
    15.200       0.43885195      0.56114805
    15.300       0.44861496      0.55138504
    15.400       0.45736590      0.54263410
    15.500       0.46535395      0.53464605
    15.600       0.47281853      0.52718147
    15.700       0.47920144      0.52079856
    15.800       0.48594604      0.51405396
    15.900       0.49188297      0.50811703
    16.000       0.49641725      0.50358275
    16.100       0.50164112      0.49835888
    16.200       0.50618928      0.49381072
    16.300       0.50990993      0.49009007
    16.400       0.51403942      0.48596058
    16.500       0.51714714      0.48285286
    16.600       0.51919909      0.48080091
    16.700       0.52079438      0.47920562
    16.800       0.52191320      0.47808680
    16.900       0.52339055      0.47660945
    17.000       0.52432057      0.47567943
    17.100       0.52573691      0.47426309
    17.200       0.52663016      0.47336984
    17.300       0.52692789      0.47307211
    17.400       0.52727289      0.47272711
    17.500       0.52782119      0.47217881
    17.600       0.52853239      0.47146761
    17.700       0.52920701      0.47079299
    17.800       0.52987919      0.47012081
    17.900       0.53055180      0.46944820
    18.000       0.53120750      0.46879250
    18.100       0.53203984      0.46796016
    18.200       0.53288695      0.46711305
    18.300       0.53370020      0.46629980
    18.400       0.53478524      0.46521476
    18.500       0.53558356      0.46441644
    18.600       0.53633589      0.46366411
    18.700       0.53704301      0.46295699
    18.800       0.53777929      0.46222071
    18.900       0.53870064      0.46129936
    19.000       0.53953438      0.46046562
    19.100       0.54028733      0.45971267
    19.200       0.54101792      0.45898208
    19.300       0.54177434      0.45822566
    19.400       0.54274246      0.45725754
    19.500       0.54351497      0.45648503
    19.600       0.54437877      0.45562123
    19.700       0.54512269      0.45487731
    19.800       0.54573960      0.45426040
    19.900       0.54635599      0.45364401
    20.000       0.54706390      0.45293610
    20.100       0.54756711      0.45243289
    20.200       0.54830252      0.45169748
    20.300       0.54911414      0.45088586
    20.400       0.54981024      0.45018976
    20.500       0.55070977      0.44929023
    20.600       0.55133264      0.44866736
    20.700       0.55187008      0.44812992
    20.800       0.55253113      0.44746887
    20.900       0.55296274      0.44703726
    21.000       0.55356656      0.44643344
    21.100       0.55430877      0.44569123
    21.200       0.55498012      0.44501988
    21.300       0.55537620      0.44462380
    21.400       0.55604692      0.44395308
    21.500       0.55667008      0.44332992
    21.600       0.55736438      0.44263562
    21.700       0.55818193      0.44181807
    21.800       0.55896274      0.44103726
    21.900       0.55967212      0.44032788
    22.000       0.56046640      0.43953360
    22.100       0.56147554      0.43852446
    22.200       0.56221879      0.43778121
    22.300       0.56295477      0.43704523
    22.400       0.56318846      0.43681154
    22.500       0.56399715      0.43600285
    22.600       0.56480978      0.43519022
    22.700       0.56570809      0.43429191
    22.800       0.56631548      0.43368452
    22.900       0.56715651      0.43284349
    23.000       0.56800852      0.43199148
    23.100       0.56840009      0.43159991
    23.200       0.56901760      0.43098240
    23.300       0.57038409      0.42961591
    23.400       0.57177900      0.42822100
    23.500       0.57264917      0.42735083
    23.600       0.57370769      0.42629231
    23.700       0.57438136      0.42561864
    23.800       0.57461828      0.42538172
    23.900       0.57518102      0.42481898
    24.000       0.57627877      0.42372123
    24.100       0.57738961      0.42261039
    24.200       0.57846500      0.42153500
    24.300       0.58022753      0.41977247
    24.400       0.58177144      0.41822856
    24.500       0.58306747      0.41693253
    24.600       0.58366616      0.41633384
    24.700       0.58477567      0.41522433
    24.800       0.58548940      0.41451060
    24.900       0.58730563      0.41269437
    25.000       0.58817776      0.41182224
    25.100       0.58901122      0.41098878
    25.200       0.58957694      0.41042306
    25.300       0.59067354      0.40932646
    25.400       0.59185440      0.40814560
    25.500       0.59288993      0.40711007
    25.600       0.59532786      0.40467214
    25.700       0.59667092      0.40332908
    25.800       0.59839801      0.40160199
    25.900       0.59920568      0.40079432
    26.000       0.60008730      0.39991270
    26.100       0.60146720      0.39853280
    26.200       0.60285049      0.39714951
    26.300       0.60460255      0.39539745
    26.400       0.60491238      0.39508762
    26.500       0.60545748      0.39454252
    26.600       0.60713035      0.39286965
    26.700       0.60864611      0.39135389
    26.800       0.60954515      0.39045485
    26.900       0.61126749      0.38873251
    27.000       0.61356921      0.38643079
    27.100       0.61456179      0.38543821
    27.200       0.61617431      0.38382569
    27.300       0.61822490      0.38177510
    27.400       0.61918802      0.38081198
    27.500       0.62061922      0.37938078
    27.600       0.62236267      0.37763733
    27.700       0.62384069      0.37615931
    27.800       0.62533529      0.37466471
    27.900       0.62657200      0.37342800
    28.000       0.62759093      0.37240907
    28.100       0.62926786      0.37073214
    28.200       0.63101730      0.36898270
    28.300       0.63288168      0.36711832
    28.400       0.63398606      0.36601394
    28.500       0.63462433      0.36537567
    28.600       0.63659591      0.36340409
    28.700       0.63821869      0.36178131
    28.800       0.63954555      0.36045445
    28.900       0.64109358      0.35890642
    29.000       0.64275395      0.35724605
    29.100       0.64414975      0.35585025
    29.200       0.64613026      0.35386974
    29.300       0.64813379      0.35186621
    29.400       0.65005642      0.34994358
    29.500       0.65197998      0.34802002
    29.600       0.65492413      0.34507587
    29.700       0.65769252      0.34230748
    29.800       0.66049726      0.33950274
    29.900       0.66267752      0.33732248
    30.000       0.66484281      0.33515719
    30.100       0.66713934      0.33286066
    30.200       0.66951137      0.33048863
    30.300       0.67179269      0.32820731
    30.400       0.67457605      0.32542395
    30.500       0.67742745      0.32257255
    30.600       0.68087129      0.31912871
    30.700       0.68403060      0.31596940
    30.800       0.68665137      0.31334863
    30.900       0.68989900      0.31010100
    31.000       0.69279260      0.30720740
    31.100       0.69558380      0.30441620
    31.200       0.69929018      0.30070982
    31.300       0.70215000      0.29785000
    31.400       0.70501145      0.29498855
    31.500       0.70762635      0.29237365
    31.600       0.71018061      0.28981939
    31.700       0.71372278      0.28627722
    31.800       0.71713075      0.28286925
    31.900       0.71976597      0.28023403
    32.000       0.72200908      0.27799092
    32.100       0.72477419      0.27522581
    32.200       0.72702864      0.27297136
    32.300       0.72898563      0.27101437
    32.400       0.73108165      0.26891835
    32.500       0.73282867      0.26717133
    32.600       0.73463065      0.26536935
    32.700       0.73662788      0.26337212
    32.800       0.73821471      0.26178529
    32.900       0.73983461      0.26016539
    33.000       0.74127812      0.25872188
    33.100       0.74281199      0.25718801
    33.200       0.74413687      0.25586313
    33.300       0.74537390      0.25462610
    33.400       0.74599050      0.25400950
    33.500       0.74698308      0.25301692
    33.600       0.74762458      0.25237542
    33.700       0.74834668      0.25165332
    33.800       0.74892016      0.25107984
    33.900       0.74976664      0.25023336
    34.000       0.75043447      0.24956553
    34.100       0.75081350      0.24918650
    34.200       0.75130187      0.24869813
    34.300       0.75152603      0.24847397
    34.400       0.75207571      0.24792429
    34.500       0.75240823      0.24759177
    34.600       0.75266907      0.24733093
    34.700       0.75300273      0.24699727
    34.800       0.75314200      0.24685800
    34.900       0.75353249      0.24646751
    35.000       0.75379827      0.24620173
    35.100       0.75429786      0.24570214
    35.200       0.75464121      0.24535879
    35.300       0.75494080      0.24505920
    35.400       0.75531602      0.24468398
    35.500       0.75560180      0.24439820
    35.600       0.75582428      0.24417572
    35.700       0.75608929      0.24391071
    35.800       0.75629975      0.24370025
    35.900       0.75640064      0.24359936
    36.000       0.75653545      0.24346455
    36.100       0.75688843      0.24311157
    36.200       0.75711973      0.24288027
    36.300       0.75736426      0.24263574
    36.400       0.75755052      0.24244948
    36.500       0.75780765      0.24219235
    36.600       0.75794772      0.24205228
    36.700       0.75816707      0.24183293
    36.800       0.75838800      0.24161200
    36.900       0.75858790      0.24141210
    37.000       0.75873044      0.24126956
    37.100       0.75881415      0.24118585
    37.200       0.75901696      0.24098304
    37.300       0.75910680      0.24089320
    37.400       0.75914893      0.24085107
    37.500       0.75922944      0.24077056
    37.600       0.75932005      0.24067995
    37.700       0.75947518      0.24052482
    37.800       0.75955865      0.24044135
    37.900       0.75962952      0.24037048
    38.000       0.75969817      0.24030183
    38.100       0.75982758      0.24017242
    38.200       0.75992856      0.24007144
    38.300       0.76008058      0.23991942
    38.400       0.76015166      0.23984834
    38.500       0.76020708      0.23979292
    38.600       0.76035260      0.23964740
    38.700       0.76039485      0.23960515
    38.800       0.76044042      0.23955958
    38.900       0.76055991      0.23944009
    39.000       0.76058325      0.23941675
    39.100       0.76062665      0.23937335
    39.200       0.76065879      0.23934121
    39.300       0.76080644      0.23919356
    39.400       0.76085158      0.23914842
    39.500       0.76091593      0.23908407
    39.600       0.76099776      0.23900224
    39.700       0.76111160      0.23888840
    39.800       0.76118118      0.23881882
    39.900       0.76133563      0.23866437
    40.000       0.76143199      0.23856801
    40.100       0.76158532      0.23841468
    40.200       0.76172345      0.23827655
    40.300       0.76188209      0.23811791
    40.400       0.76202390      0.23797610
    40.500       0.76213421      0.23786579
    40.600       0.76234481      0.23765519
    40.700       0.76250458      0.23749542
    40.800       0.76276354      0.23723646
    40.900       0.76281561      0.23718439
    41.000       0.76296098      0.23703902
    41.100       0.76314356      0.23685644
    41.200       0.76350321      0.23649679
    41.300       0.76348359      0.23651641
    41.400       0.76361369      0.23638631
    41.500       0.76394939      0.23605061
    41.600       0.76394698      0.23605302
    41.700       0.76404621      0.23595379
    41.800       0.76428047      0.23571953
    41.900       0.76446119      0.23553881
    42.000       0.76457721      0.23542279
    42.100       0.76479734      0.23520266
    42.200       0.76538855      0.23461145
    42.300       0.76566256      0.23433744
    42.400       0.76593228      0.23406772
    42.500       0.76600627      0.23399373
    42.600       0.76619070      0.23380930
    42.700       0.76647144      0.23352856
    42.800       0.76701505      0.23298495
    42.900       0.76726817      0.23273183
    43.000       0.76757712      0.23242288
    43.100       0.76821822      0.23178178
    43.200       0.76869449      0.23130551
    43.300       0.76886680      0.23113320
    43.400       0.76889796      0.23110204
    43.500       0.76950850      0.23049150
    43.600       0.77015453      0.22984547
    43.700       0.77048096      0.22951904
    43.800       0.77132765      0.22867235
    43.900       0.77195569      0.22804431
    44.000       0.77272523      0.22727477
    44.100       0.77361047      0.22638953
    44.200       0.77376506      0.22623494
    44.300       0.77387900      0.22612100
    44.400       0.77437798      0.22562202
    44.500       0.77575485      0.22424515
    44.600       0.77634460      0.22365540
    44.700       0.77658435      0.22341565
    44.800       0.77674168      0.22325832
    44.900       0.77798943      0.22201057
    45.000       0.77830288      0.22169712
    45.100       0.77899805      0.22100195
    45.200       0.77885091      0.22114909
    45.300       0.77944363      0.22055637
    45.400       0.78024004      0.21975996
    45.500       0.78031032      0.21968968
    45.600       0.78059351      0.21940649
    45.700       0.78208936      0.21791064
    45.800       0.78265268      0.21734732
    45.900       0.78399870      0.21600130
    46.000       0.78471616      0.21528384
    46.100       0.78462995      0.21537005
    46.200       0.78573905      0.21426095
    46.300       0.78618331      0.21381669
    46.400       0.78653614      0.21346386
    46.500       0.78689019      0.21310981
    46.600       0.78738274      0.21261726
    46.700       0.78716523      0.21283477
    46.800       0.78736430      0.21263570
    46.900       0.78759657      0.21240343
    47.000       0.78793487      0.21206513
    47.100       0.78824383      0.21175617
    47.200       0.78836653      0.21163347
    47.300       0.78821994      0.21178006
    47.400       0.78813344      0.21186656
    47.500       0.78750748      0.21249252
    47.600       0.78735194      0.21264806
    47.700       0.78675284      0.21324716
    47.800       0.78646857      0.21353143
    47.900       0.78650994      0.21349006
    48.000       0.78661926      0.21338074
    48.100       0.78676334      0.21323666
    48.200       0.78695328      0.21304672
    48.300       0.78680978      0.21319022
    48.400       0.78702146      0.21297854
    48.500       0.78776442      0.21223558
    48.600       0.78802109      0.21197891
    48.700       0.78823678      0.21176322
    48.800       0.78885885      0.21114115
    48.900       0.78935728      0.21064272
    49.000       0.79002975      0.20997025
    49.100       0.79123248      0.20876752
    49.200       0.79215365      0.20784635
    49.300       0.79353285      0.20646715
    49.400       0.79469552      0.20530448
    49.500       0.79566848      0.20433152
    49.600       0.79692393      0.20307607
    49.700       0.79801189      0.20198811
    49.800       0.79930002      0.20069998
    49.900       0.80055663      0.19944337
    50.000       0.80188948      0.19811052
    50.100       0.80332053      0.19667947
    50.200       0.80472485      0.19527515
    50.300       0.80630655      0.19369345
    50.400       0.80790631      0.19209369
    50.500       0.80986407      0.19013593
    50.600       0.81151212      0.18848788
    50.700       0.81363833      0.18636167
    50.800       0.81521831      0.18478169
    50.900       0.81774837      0.18225163
    51.000       0.81963559      0.18036441
    51.100       0.82154815      0.17845185
    51.200       0.82364977      0.17635023
    51.300       0.82571923      0.17428077
    51.400       0.82791434      0.17208566
    51.500       0.83026894      0.16973106
    51.600       0.83268880      0.16731120
    51.700       0.83489476      0.16510524
    51.800       0.83709575      0.16290425
    51.900       0.83904804      0.16095196
    52.000       0.84106857      0.15893143
    52.100       0.84306838      0.15693162
    52.200       0.84489125      0.15510875
    52.300       0.84631638      0.15368362
    52.400       0.84831477      0.15168523
    52.500       0.84956996      0.15043004
    52.600       0.85123474      0.14876526
    52.700       0.85262762      0.14737238
    52.800       0.85428636      0.14571364
    52.900       0.85627473      0.14372527
    53.000       0.85773065      0.14226935
    53.100       0.85919083      0.14080917
    53.200       0.86021471      0.13978529
    53.300       0.86106818      0.13893182
    53.400       0.86200153      0.13799847
    53.500       0.86270068      0.13729932
    53.600       0.86335966      0.13664034
    53.700       0.86396807      0.13603193
    53.800       0.86457375      0.13542625
    53.900       0.86517668      0.13482332
    54.000       0.86610939      0.13389061
    54.100       0.86693449      0.13306551
    54.200       0.86742529      0.13257471
    54.300       0.86798038      0.13201962
    54.400       0.86840905      0.13159095
    54.500       0.86883425      0.13116575
    54.600       0.86921277      0.13078723
    54.700       0.86961190      0.13038810
    54.800       0.86973582      0.13026418
    54.900       0.87011697      0.12988303
    55.000       0.87056795      0.12943205
    55.100       0.87086681      0.12913319
    55.200       0.87119206      0.12880794
    55.300       0.87151430      0.12848570
    55.400       0.87192664      0.12807336
    55.500       0.87222799      0.12777201
    55.600       0.87258121      0.12741879
    55.700       0.87302210      0.12697790
    55.800       0.87334566      0.12665434
    55.900       0.87364887      0.12635113
    56.000       0.87430729      0.12569271
    56.100       0.87464561      0.12535439
    56.200       0.87503787      0.12496213
    56.300       0.87519247      0.12480753
    56.400       0.87536986      0.12463014
    56.500       0.87575524      0.12424476
    56.600       0.87602579      0.12397421
    56.700       0.87618265      0.12381735
    56.800       0.87637351      0.12362649
    56.900       0.87651733      0.12348267
    57.000       0.87679510      0.12320490
    57.100       0.87700063      0.12299937
    57.200       0.87713299      0.12286701
    57.300       0.87724647      0.12275353
    57.400       0.87736206      0.12263794
    57.500       0.87751196      0.12248804
    57.600       0.87757855      0.12242145
    57.700       0.87761488      0.12238512
    57.800       0.87771642      0.12228358
    57.900       0.87793204      0.12206796
    58.000       0.87806765      0.12193235
    58.100       0.87823103      0.12176897
    58.200       0.87836771      0.12163229
    58.300       0.87852431      0.12147569
    58.400       0.87865869      0.12134131
    58.500       0.87876092      0.12123908
    58.600       0.87891091      0.12108909
    58.700       0.87899044      0.12100956
    58.800       0.87915862      0.12084138
    58.900       0.87922032      0.12077968
    59.000       0.87938905      0.12061095
    59.100       0.87950590      0.12049410
    59.200       0.87955569      0.12044431
    59.300       0.87968830      0.12031170
    59.400       0.87978545      0.12021455
    59.500       0.87983143      0.12016857
    59.600       0.87992080      0.12007920
    59.700       0.87994573      0.12005427
    59.800       0.87994642      0.12005358
    59.900       0.87999347      0.12000653
    60.000       0.88008513      0.11991487
    60.100       0.88007157      0.11992843
    60.200       0.88008553      0.11991447
    60.300       0.88019101      0.11980899
    60.400       0.88014275      0.11985725
    60.500       0.88021632      0.11978368
    60.600       0.88040363      0.11959637
    60.700       0.88062789      0.11937211
    60.800       0.88058484      0.11941516
    60.900       0.88058018      0.11941982
    61.000       0.88073253      0.11926747
    61.100       0.88085602      0.11914398
    61.200       0.88107448      0.11892552
    61.300       0.88102049      0.11897951
    61.400       0.88110492      0.11889508
    61.500       0.88106120      0.11893880
    61.600       0.88086917      0.11913083
    61.700       0.88099669      0.11900331
    61.800       0.88098475      0.11901525
    61.900       0.88105191      0.11894809
    62.000       0.88120362      0.11879638
    62.100       0.88139768      0.11860232
    62.200       0.88135172      0.11864828
    62.300       0.88118844      0.11881156
    62.400       0.88111859      0.11888141
    62.500       0.88116854      0.11883146
    62.600       0.88132356      0.11867644
    62.700       0.88132283      0.11867717
    62.800       0.88166640      0.11833360
    62.900       0.88157609      0.11842391
    63.000       0.88174673      0.11825327
    63.100       0.88145102      0.11854898
    63.200       0.88146036      0.11853964
    63.300       0.88150276      0.11849724
    63.400       0.88162165      0.11837835
    63.500       0.88169851      0.11830149
    63.600       0.88184872      0.11815128
    63.700       0.88191803      0.11808197
    63.800       0.88207529      0.11792471
    63.900       0.88212243      0.11787757
    64.000       0.88216542      0.11783458
    64.100       0.88221204      0.11778796
    64.200       0.88238613      0.11761387
    64.300       0.88252772      0.11747228
    64.400       0.88234096      0.11765904
    64.500       0.88259477      0.11740523
    64.600       0.88288972      0.11711028
    64.700       0.88301369      0.11698631
    64.800       0.88305824      0.11694176
    64.900       0.88291848      0.11708152
    65.000       0.88320727      0.11679273
    65.100       0.88318213      0.11681787
    65.200       0.88315235      0.11684765
    65.300       0.88284477      0.11715523
    65.400       0.88280539      0.11719461
    65.500       0.88263720      0.11736280
    65.600       0.88274889      0.11725111
    65.700       0.88257753      0.11742247
    65.800       0.88251803      0.11748197
    65.900       0.88268899      0.11731101
    66.000       0.88267395      0.11732605
    66.100       0.88257895      0.11742105
    66.200       0.88267857      0.11732143
    66.300       0.88285746      0.11714254
    66.400       0.88298928      0.11701072
    66.500       0.88312855      0.11687145
    66.600       0.88339885      0.11660115
    66.700       0.88349053      0.11650947
    66.800       0.88372705      0.11627295
    66.900       0.88393041      0.11606959
    67.000       0.88438084      0.11561916
    67.100       0.88457437      0.11542563
    67.200       0.88467706      0.11532294
    67.300       0.88487989      0.11512011
    67.400       0.88511396      0.11488604
    67.500       0.88539859      0.11460141
    67.600       0.88566565      0.11433435
    67.700       0.88578892      0.11421108
    67.800       0.88639977      0.11360023
    67.900       0.88668586      0.11331414
    68.000       0.88695807      0.11304193
    68.100       0.88727943      0.11272057
    68.200       0.88756614      0.11243386
    68.300       0.88833555      0.11166445
    68.400       0.88880542      0.11119458
    68.500       0.88914701      0.11085299
    68.600       0.88972509      0.11027491
    68.700       0.89007354      0.10992646
    68.800       0.89074697      0.10925303
    68.900       0.89110601      0.10889399
    69.000       0.89157931      0.10842069
    69.100       0.89213972      0.10786028
    69.200       0.89249606      0.10750394
    69.300       0.89311041      0.10688959
    69.400       0.89354631      0.10645369
    69.500       0.89387063      0.10612937
    69.600       0.89423747      0.10576253
    69.700       0.89468967      0.10531033
    69.800       0.89504563      0.10495437
    69.900       0.89545125      0.10454875
    70.000       0.89575082      0.10424918
    70.100       0.89632462      0.10367538
    70.200       0.89692126      0.10307874
    70.300       0.89749151      0.10250849
    70.400       0.89790775      0.10209225
    70.500       0.89834528      0.10165472
    70.600       0.89881523      0.10118477
    70.700       0.89937807      0.10062193
    70.800       0.89985506      0.10014494
    70.900       0.90020023      0.09979977
    71.000       0.90049577      0.09950423
    71.100       0.90100318      0.09899682
    71.200       0.90133681      0.09866319
    71.300       0.90170651      0.09829349
    71.400       0.90213155      0.09786845
    71.500       0.90264020      0.09735980
    71.600       0.90316136      0.09683864
    71.700       0.90359896      0.09640104
    71.800       0.90401870      0.09598130
    71.900       0.90439580      0.09560420
    72.000       0.90481442      0.09518558
    72.100       0.90519979      0.09480021
    72.200       0.90565384      0.09434616
    72.300       0.90612766      0.09387234
    72.400       0.90635845      0.09364155
    72.500       0.90662371      0.09337629
    72.600       0.90687618      0.09312382
    72.700       0.90711762      0.09288238
    72.800       0.90749290      0.09250710
    72.900       0.90784993      0.09215007
    73.000       0.90801737      0.09198263
    73.100       0.90844292      0.09155708
    73.200       0.90866444      0.09133556
    73.300       0.90892792      0.09107208
    73.400       0.90915455      0.09084545
    73.500       0.90946707      0.09053293
    73.600       0.90967420      0.09032580
    73.700       0.90992515      0.09007485
    73.800       0.91004028      0.08995972
    73.900       0.91015860      0.08984140
    74.000       0.91027513      0.08972487
    74.100       0.91041275      0.08958725
    74.200       0.91057723      0.08942277
    74.300       0.91075010      0.08924990
    74.400       0.91094161      0.08905839
    74.500       0.91109207      0.08890793
    74.600       0.91131661      0.08868339
    74.700       0.91147051      0.08852949
    74.800       0.91165882      0.08834118
    74.900       0.91171690      0.08828310
    75.000       0.91172642      0.08827358
    75.100       0.91183145      0.08816855
    75.200       0.91201728      0.08798272
    75.300       0.91199457      0.08800543
    75.400       0.91206591      0.08793409
    75.500       0.91212140      0.08787860
    75.600       0.91230058      0.08769942
    75.700       0.91247141      0.08752859
    75.800       0.91260599      0.08739401
    75.900       0.91291400      0.08708600
    76.000       0.91312898      0.08687102
    76.100       0.91321946      0.08678054
    76.200       0.91329284      0.08670716
    76.300       0.91339336      0.08660664
    76.400       0.91352673      0.08647327
    76.500       0.91380050      0.08619950
    76.600       0.91393506      0.08606494
    76.700       0.91402250      0.08597750
    76.800       0.91403859      0.08596141
    76.900       0.91415508      0.08584492
    77.000       0.91428359      0.08571641
    77.100       0.91449852      0.08550148
    77.200       0.91454909      0.08545091
    77.300       0.91483552      0.08516448
    77.400       0.91492274      0.08507726
    77.500       0.91504020      0.08495980
    77.600       0.91515463      0.08484537
    77.700       0.91519340      0.08480660
    77.800       0.91525179      0.08474821
    77.900       0.91528899      0.08471101
    78.000       0.91546261      0.08453739
    78.100       0.91551121      0.08448879
    78.200       0.91589039      0.08410961
    78.300       0.91600113      0.08399887
    78.400       0.91614141      0.08385859
    78.500       0.91634608      0.08365392
    78.600       0.91655007      0.08344993
    78.700       0.91665684      0.08334316
    78.800       0.91708492      0.08291508
    78.900       0.91689062      0.08310938
    79.000       0.91704998      0.08295002
    79.100       0.91718365      0.08281635
    79.200       0.91732259      0.08267741
    79.300       0.91739822      0.08260178
    79.400       0.91770134      0.08229866
    79.500       0.91778263      0.08221737
    79.600       0.91794194      0.08205806
    79.700       0.91790985      0.08209015
    79.800       0.91788137      0.08211863
    79.900       0.91779425      0.08220575
    80.000       0.91791676      0.08208324
    80.100       0.91818210      0.08181790
    80.200       0.91836856      0.08163144
    80.300       0.91864360      0.08135640
    80.400       0.91864850      0.08135150
    80.500       0.91886955      0.08113045
    80.600       0.91883949      0.08116051
    80.700       0.91911569      0.08088431
    80.800       0.91943148      0.08056852
    80.900       0.91956392      0.08043608
    81.000       0.91969682      0.08030318
    81.100       0.91980455      0.08019545
    81.200       0.91986425      0.08013575
    81.300       0.92005271      0.07994729
    81.400       0.92033618      0.07966382
    81.500       0.92041119      0.07958881
    81.600       0.92054050      0.07945950
    81.700       0.92068464      0.07931536
    81.800       0.92081392      0.07918608
    81.900       0.92120059      0.07879941
    82.000       0.92116303      0.07883697
    82.100       0.92135016      0.07864984
    82.200       0.92142264      0.07857736
    82.300       0.92159368      0.07840632
    82.400       0.92182162      0.07817838
    82.500       0.92181218      0.07818782
    82.600       0.92179317      0.07820683
    82.700       0.92207096      0.07792904
    82.800       0.92223411      0.07776589
    82.900       0.92258816      0.07741184
    83.000       0.92272801      0.07727199
    83.100       0.92298339      0.07701661
    83.200       0.92308743      0.07691257
    83.300       0.92319400      0.07680600
    83.400       0.92347441      0.07652559
    83.500       0.92367557      0.07632443
    83.600       0.92379601      0.07620399
    83.700       0.92406750      0.07593250
    83.800       0.92416412      0.07583588
    83.900       0.92447607      0.07552393
    84.000       0.92487521      0.07512479
    84.100       0.92512384      0.07487616
    84.200       0.92548317      0.07451683
    84.300       0.92553797      0.07446203
    84.400       0.92572936      0.07427064
    84.500       0.92588316      0.07411684
    84.600       0.92617548      0.07382452
    84.700       0.92656416      0.07343584
    84.800       0.92689543      0.07310457
    84.900       0.92733474      0.07266526
    85.000       0.92761166      0.07238834
    85.100       0.92791325      0.07208675
    85.200       0.92818732      0.07181268
    85.300       0.92847547      0.07152453
    85.400       0.92889442      0.07110558
    85.500       0.92906565      0.07093435
    85.600       0.92936439      0.07063561
    85.700       0.92972719      0.07027281
    85.800       0.93004245      0.06995755
    85.900       0.93031298      0.06968702
    86.000       0.93061788      0.06938212
    86.100       0.93092786      0.06907214
    86.200       0.93130045      0.06869955
    86.300       0.93165424      0.06834576
    86.400       0.93188460      0.06811540
    86.500       0.93207916      0.06792084
    86.600       0.93236264      0.06763736
    86.700       0.93239576      0.06760424
    86.800       0.93252299      0.06747701
    86.900       0.93255825      0.06744175
    87.000       0.93276754      0.06723246
    87.100       0.93297142      0.06702858
    87.200       0.93325709      0.06674291
    87.300       0.93349665      0.06650335
    87.400       0.93365449      0.06634551
    87.500       0.93403398      0.06596602
    87.600       0.93422390      0.06577610
    87.700       0.93443890      0.06556110
    87.800       0.93469157      0.06530843
    87.900       0.93498147      0.06501853
    88.000       0.93532115      0.06467885
    88.100       0.93563938      0.06436062
    88.200       0.93585897      0.06414103
    88.300       0.93608576      0.06391424
    88.400       0.93637705      0.06362295
    88.500       0.93669986      0.06330014
    88.600       0.93724093      0.06275907
    88.700       0.93764949      0.06235051
    88.800       0.93788536      0.06211464
    88.900       0.93819081      0.06180919
    89.000       0.93842909      0.06157091
    89.100       0.93865186      0.06134814
    89.200       0.93879849      0.06120151
    89.300       0.93894762      0.06105238
    89.400       0.93904844      0.06095156
    89.500       0.93913989      0.06086011
    89.600       0.93935080      0.06064920
    89.700       0.93946597      0.06053403
    89.800       0.93957584      0.06042416
    89.900       0.93965065      0.06034935
    90.000       0.93973412      0.06026588
    90.100       0.93980044      0.06019956
    90.200       0.93994576      0.06005424
    90.300       0.94004748      0.05995252
    90.400       0.94010055      0.05989945
    90.500       0.94022709      0.05977291
    90.600       0.94033401      0.05966599
    90.700       0.94045248      0.05954752
    90.800       0.94052809      0.05947191
    90.900       0.94062070      0.05937930
    91.000       0.94080427      0.05919573
    91.100       0.94087156      0.05912844
    91.200       0.94098504      0.05901496
    91.300       0.94109407      0.05890593
    91.400       0.94122083      0.05877917
    91.500       0.94130780      0.05869220
    91.600       0.94137758      0.05862242
    91.700       0.94143418      0.05856582
    91.800       0.94149875      0.05850125
    91.900       0.94155266      0.05844734
    92.000       0.94159075      0.05840925
    92.100       0.94165903      0.05834097
    92.200       0.94171931      0.05828069
    92.300       0.94179883      0.05820117
    92.400       0.94187827      0.05812173
    92.500       0.94195615      0.05804385
    92.600       0.94207946      0.05792054
    92.700       0.94203952      0.05796048
    92.800       0.94208811      0.05791189
    92.900       0.94214039      0.05785961
    93.000       0.94217445      0.05782555
    93.100       0.94219269      0.05780731
    93.200       0.94222688      0.05777312
    93.300       0.94225083      0.05774917
    93.400       0.94228312      0.05771688
    93.500       0.94231678      0.05768322
    93.600       0.94235588      0.05764412
    93.700       0.94238082      0.05761918
    93.800       0.94241578      0.05758422
    93.900       0.94245777      0.05754223
    94.000       0.94248684      0.05751316
    94.100       0.94251471      0.05748529
    94.200       0.94253992      0.05746008
    94.300       0.94256056      0.05743944
    94.400       0.94257133      0.05742867
    94.500       0.94258922      0.05741078
    94.600       0.94260864      0.05739136
    94.700       0.94261534      0.05738466
    94.800       0.94262957      0.05737043
    94.900       0.94274088      0.05725912
    95.000       0.94283944      0.05716056
    95.100       0.94284601      0.05715399
    95.200       0.94285372      0.05714628
    95.300       0.94286012      0.05713988
    95.400       0.94288277      0.05711723
    95.500       0.94282678      0.05717322
    95.600       0.94283543      0.05716457
    95.700       0.94285591      0.05714409
    95.800       0.94290968      0.05709032
    95.900       0.94295959      0.05704041
    96.000       0.94296521      0.05703479
    96.100       0.94296845      0.05703155
    96.200       0.94298148      0.05701852
    96.300       0.94299451      0.05700549
    96.400       0.94310509      0.05689491
    96.500       0.94310212      0.05689788
    96.600       0.94320391      0.05679609
    96.700       0.94320072      0.05679928
    96.800       0.94320547      0.05679453
    96.900       0.94321576      0.05678424
    97.000       0.94321113      0.05678887
    97.100       0.94327669      0.05672331
    97.200       0.94324374      0.05675626
    97.300       0.94321380      0.05678620
    97.400       0.94329585      0.05670415
    97.500       0.94324279      0.05675721
    97.600       0.94321569      0.05678431
    97.700       0.94329505      0.05670495
    97.800       0.94328850      0.05671150
    97.900       0.94327518      0.05672482
    98.000       0.94326096      0.05673904
    98.100       0.94325813      0.05674187
    98.200       0.94325536      0.05674464
    98.300       0.94325031      0.05674969
    98.400       0.94323444      0.05676556
    98.500       0.94324494      0.05675506
    98.600       0.94324404      0.05675596
    98.700       0.94341079      0.05658921
    98.800       0.94355801      0.05644199
    98.900       0.94352629      0.05647371
    99.000       0.94351191      0.05648809
    99.100       0.94350554      0.05649446
    99.200       0.94349965      0.05650035
    99.300       0.94349805      0.05650195
    99.400       0.94363901      0.05636099
    99.500       0.94356256      0.05643744
    99.600       0.94357157      0.05642843
    99.700       0.94361939      0.05638061
    99.800       0.94351380      0.05648620
    99.900       0.94351351      0.05648649
   100.000       0.94362547      0.05637453
