     0.000       0.00000000      1.00000000
     0.100       0.00327622      0.99672378
     0.200       0.00327974      0.99672026
     0.300       0.00328486      0.99671514
     0.400       0.00329159      0.99670841
     0.500       0.00329994      0.99670006
     0.600       0.00330994      0.99669006
     0.700       0.00332162      0.99667838
     0.800       0.00333502      0.99666498
     0.900       0.00335018      0.99664982
     1.000       0.00336717      0.99663283
     1.100       0.00338604      0.99661396
     1.200       0.00340689      0.99659311
     1.300       0.00342981      0.99657019
     1.400       0.00345486      0.99654514
     1.500       0.00348223      0.99651777
     1.600       0.00351203      0.99648797
     1.700       0.00354446      0.99645554
     1.800       0.00357971      0.99642029
     1.900       0.00361789      0.99638211
     2.000       0.00365932      0.99634068
     2.100       0.00370399      0.99629601
     2.200       0.00375214      0.99624786
     2.300       0.00380422      0.99619578
     2.400       0.00386045      0.99613955
     2.500       0.00392070      0.99607930
     2.600       0.00398519      0.99601481
     2.700       0.00415240      0.99584760
     2.800       0.00422715      0.99577285
     2.900       0.00430733      0.99569267
     3.000       0.00439375      0.99560625
     3.100       0.00448742      0.99551258
     3.200       0.00458902      0.99541098
     3.300       0.00469953      0.99530047
     3.400       0.00481940      0.99518060
     3.500       0.00494892      0.99505108
     3.600       0.00509142      0.99490858
     3.700       0.00524755      0.99475245
     3.800       0.00541920      0.99458080
     3.900       0.00560612      0.99439388
     4.000       0.00581143      0.99418857
     4.100       0.00603744      0.99396256
     4.200       0.00628690      0.99371310
     4.300       0.00656296      0.99343704
     4.400       0.00686835      0.99313165
     4.500       0.00720763      0.99279237
     4.600       0.00758584      0.99241416
     4.700       0.00800811      0.99199189
     4.800       0.00848036      0.99151964
     4.900       0.00910991      0.99089009
     5.000       0.00970539      0.99029461
     5.100       0.01037284      0.98962716
     5.200       0.01111957      0.98888043
     5.300       0.01195590      0.98804410
     5.400       0.01289141      0.98710859
     5.500       0.01393693      0.98606307
     5.600       0.01510629      0.98489371
     5.700       0.01641248      0.98358752
     5.800       0.01787117      0.98212883
     5.900       0.01949900      0.98050100
     6.000       0.02131298      0.97868702
     6.100       0.02333248      0.97666752
     6.200       0.02557714      0.97442286
     6.300       0.02807156      0.97192844
     6.400       0.03083128      0.96916872
     6.500       0.03387691      0.96612309
     6.600       0.03723218      0.96276782
     6.700       0.04100040      0.95899960
     6.800       0.04503038      0.95496962
     6.900       0.04941915      0.95058085
     7.000       0.05416443      0.94583557
     7.100       0.05928297      0.94071703
     7.200       0.06495985      0.93504015
     7.300       0.07070847      0.92929153
     7.400       0.07680952      0.92319048
     7.500       0.08325165      0.91674835
     7.600       0.09017787      0.90982213
     7.700       0.09745492      0.90254508
     7.800       0.10449725      0.89550275
     7.900       0.11191156      0.88808844
     8.000       0.11902976      0.88097024
     8.100       0.12634883      0.87365117
     8.200       0.13356482      0.86643518
     8.300       0.14042716      0.85957284
     8.400       0.14722685      0.85277315
     8.500       0.15368513      0.84631487
     8.600       0.15975593      0.84024407
     8.700       0.16550684      0.83449316
     8.800       0.17051352      0.82948648
     8.900       0.17470626      0.82529374
     9.000       0.17834853      0.82165147
     9.100       0.18204326      0.81795674
     9.200       0.18493716      0.81506284
     9.300       0.18771530      0.81228470
     9.400       0.18966436      0.81033564
     9.500       0.19052569      0.80947431
     9.600       0.19143031      0.80856969
     9.700       0.19185161      0.80814839
     9.800       0.19204295      0.80795705
     9.900       0.19229697      0.80770303
    10.000       0.19156181      0.80843819
    10.100       0.19163636      0.80836364
    10.200       0.19198514      0.80801486
    10.300       0.19198968      0.80801032
    10.400       0.19180913      0.80819087
    10.500       0.19128920      0.80871080
    10.600       0.19115999      0.80884001
    10.700       0.19148497      0.80851503
    10.800       0.19204321      0.80795679
    10.900       0.19266670      0.80733330
    11.000       0.19358330      0.80641670
    11.100       0.19414966      0.80585034
    11.200       0.19499750      0.80500250
    11.300       0.19571012      0.80428988
    11.400       0.19715087      0.80284913
    11.500       0.19806535      0.80193465
    11.600       0.19972176      0.80027824
    11.700       0.20158089      0.79841911
    11.800       0.20364712      0.79635288
    11.900       0.20594335      0.79405665
    12.000       0.20843381      0.79156619
    12.100       0.21115838      0.78884162
    12.200       0.21470858      0.78529142
    12.300       0.21791014      0.78208986
    12.400       0.22135865      0.77864135
    12.500       0.22552161      0.77447839
    12.600       0.22970336      0.77029664
    12.700       0.23338138      0.76661862
    12.800       0.23796571      0.76203429
    12.900       0.24341953      0.75658047
    13.000       0.24865396      0.75134604
    13.100       0.25458306      0.74541694
    13.200       0.26064151      0.73935849
    13.300       0.26651910      0.73348090
    13.400       0.27302598      0.72697402
    13.500       0.27945091      0.72054909
    13.600       0.28680071      0.71319929
    13.700       0.29385731      0.70614269
    13.800       0.30131431      0.69868569
    13.900       0.30914288      0.69085712
    14.000       0.31676592      0.68323408
    14.100       0.32534433      0.67465567
    14.200       0.33400818      0.66599182
    14.300       0.34278940      0.65721060
    14.400       0.35224277      0.64775723
    14.500       0.36122726      0.63877274
    14.600       0.37023691      0.62976309
    14.700       0.37931568      0.62068432
    14.800       0.38885255      0.61114745
    14.900       0.39812577      0.60187423
    15.000       0.40676986      0.59323014
    15.100       0.41592034      0.58407966
    15.200       0.42444912      0.57555088
    15.300       0.43298532      0.56701468
    15.400       0.44162444      0.55837556
    15.500       0.45052244      0.54947756
    15.600       0.45821234      0.54178766
    15.700       0.46591365      0.53408635
    15.800       0.47314231      0.52685769
    15.900       0.47984395      0.52015605
    16.000       0.48613977      0.51386023
    16.100       0.49265049      0.50734951
    16.200       0.49843694      0.50156306
    16.300       0.50376385      0.49623615
    16.400       0.50824325      0.49175675
    16.500       0.51203121      0.48796879
    16.600       0.51563390      0.48436610
    16.700       0.51887775      0.48112225
    16.800       0.52212916      0.47787084
    16.900       0.52621897      0.47378103
    17.000       0.52890123      0.47109877
    17.100       0.53245887      0.46754113
    17.200       0.53456408      0.46543592
    17.300       0.53640068      0.46359932
    17.400       0.53842395      0.46157605
    17.500       0.54094941      0.45905059
    17.600       0.54406548      0.45593452
    17.700       0.54568047      0.45431953
    17.800       0.54689788      0.45310212
    17.900       0.54791547      0.45208453
    18.000       0.54924471      0.45075529
    18.100       0.55143003      0.44856997
    18.200       0.55219197      0.44780803
    18.300       0.55341438      0.44658562
    18.400       0.55374004      0.44625996
    18.500       0.55353949      0.44646051
    18.600       0.55407173      0.44592827
    18.700       0.55400632      0.44599368
    18.800       0.55467109      0.44532891
    18.900       0.55487705      0.44512295
    19.000       0.55528139      0.44471861
    19.100       0.55557174      0.44442826
    19.200       0.55583964      0.44416036
    19.300       0.55609743      0.44390257
    19.400       0.55619628      0.44380372
    19.500       0.55640085      0.44359915
    19.600       0.55666904      0.44333096
    19.700       0.55696186      0.44303814
    19.800       0.55747878      0.44252122
    19.900       0.55818043      0.44181957
    20.000       0.55832468      0.44167532
    20.100       0.55872635      0.44127365
    20.200       0.55889251      0.44110749
    20.300       0.55912120      0.44087880
    20.400       0.55954983      0.44045017
    20.500       0.56010438      0.43989562
    20.600       0.56068963      0.43931037
    20.700       0.56120398      0.43879602
    20.800       0.56175979      0.43824021
    20.900       0.56250004      0.43749996
    21.000       0.56312783      0.43687217
    21.100       0.56372105      0.43627895
    21.200       0.56429007      0.43570993
    21.300       0.56493713      0.43506287
    21.400       0.56543158      0.43456842
    21.500       0.56596277      0.43403723
    21.600       0.56659814      0.43340186
    21.700       0.56732928      0.43267072
    21.800       0.56792945      0.43207055
    21.900       0.56868115      0.43131885
    22.000       0.56923360      0.43076640
    22.100       0.56995780      0.43004220
    22.200       0.57072368      0.42927632
    22.300       0.57139031      0.42860969
    22.400       0.57209234      0.42790766
    22.500       0.57268842      0.42731158
    22.600       0.57345196      0.42654804
    22.700       0.57404614      0.42595386
    22.800       0.57493187      0.42506813
    22.900       0.57564894      0.42435106
    23.000       0.57667785      0.42332215
    23.100       0.57747522      0.42252478
    23.200       0.57857392      0.42142608
    23.300       0.57946275      0.42053725
    23.400       0.58042220      0.41957780
    23.500       0.58147839      0.41852161
    23.600       0.58253209      0.41746791
    23.700       0.58358135      0.41641865
    23.800       0.58459092      0.41540908
    23.900       0.58555811      0.41444189
    24.000       0.58653747      0.41346253
    24.100       0.58755409      0.41244591
    24.200       0.58844325      0.41155675
    24.300       0.58967268      0.41032732
    24.400       0.59064123      0.40935877
    24.500       0.59167777      0.40832223
    24.600       0.59285985      0.40714015
    24.700       0.59407152      0.40592848
    24.800       0.59516885      0.40483115
    24.900       0.59639764      0.40360236
    25.000       0.59747786      0.40252214
    25.100       0.59831696      0.40168304
    25.200       0.59940151      0.40059849
    25.300       0.60081309      0.39918691
    25.400       0.60218009      0.39781991
    25.500       0.60335618      0.39664382
    25.600       0.60469995      0.39530005
    25.700       0.60623721      0.39376279
    25.800       0.60746674      0.39253326
    25.900       0.60888286      0.39111714
    26.000       0.61021845      0.38978155
    26.100       0.61173896      0.38826104
    26.200       0.61330194      0.38669806
    26.300       0.61497870      0.38502130
    26.400       0.61634483      0.38365517
    26.500       0.61790794      0.38209206
    26.600       0.61945180      0.38054820
    26.700       0.62102783      0.37897217
    26.800       0.62249155      0.37750845
    26.900       0.62427847      0.37572153
    27.000       0.62574756      0.37425244
    27.100       0.62754721      0.37245279
    27.200       0.62934495      0.37065505
    27.300       0.63090476      0.36909524
    27.400       0.63265800      0.36734200
    27.500       0.63441114      0.36558886
    27.600       0.63587849      0.36412151
    27.700       0.63751506      0.36248494
    27.800       0.63897724      0.36102276
    27.900       0.64065145      0.35934855
    28.000       0.64212845      0.35787155
    28.100       0.64342919      0.35657081
    28.200       0.64480437      0.35519563
    28.300       0.64667841      0.35332159
    28.400       0.64812591      0.35187409
    28.500       0.64965712      0.35034288
    28.600       0.65099394      0.34900606
    28.700       0.65217970      0.34782030
    28.800       0.65400436      0.34599564
    28.900       0.65550203      0.34449797
    29.000       0.65695315      0.34304685
    29.100       0.65836012      0.34163988
    29.200       0.66015810      0.33984190
    29.300       0.66197646      0.33802354
    29.400       0.66359529      0.33640471
    29.500       0.66537984      0.33462016
    29.600       0.66709808      0.33290192
    29.700       0.66849468      0.33150532
    29.800       0.67010541      0.32989459
    29.900       0.67199609      0.32800391
    30.000       0.67410879      0.32589121
    30.100       0.67602723      0.32397277
    30.200       0.67793345      0.32206655
    30.300       0.67990812      0.32009188
    30.400       0.68151639      0.31848361
    30.500       0.68354649      0.31645351
    30.600       0.68583451      0.31416549
    30.700       0.68782815      0.31217185
    30.800       0.69024685      0.30975315
    30.900       0.69310740      0.30689260
    31.000       0.69540374      0.30459626
    31.100       0.69770617      0.30229383
    31.200       0.70040918      0.29959082
    31.300       0.70287423      0.29712577
    31.400       0.70513412      0.29486588
    31.500       0.70797702      0.29202298
    31.600       0.71022443      0.28977557
    31.700       0.71230293      0.28769707
    31.800       0.71523375      0.28476625
    31.900       0.71723364      0.28276636
    32.000       0.71903814      0.28096186
    32.100       0.72210004      0.27789996
    32.200       0.72454402      0.27545598
    32.300       0.72627557      0.27372443
    32.400       0.72826123      0.27173877
    32.500       0.73027794      0.26972206
    32.600       0.73225945      0.26774055
    32.700       0.73358494      0.26641506
    32.800       0.73539046      0.26460954
    32.900       0.73697428      0.26302572
    33.000       0.73868366      0.26131634
    33.100       0.73999069      0.26000931
    33.200       0.74178032      0.25821968
    33.300       0.74306751      0.25693249
    33.400       0.74440650      0.25559350
    33.500       0.74553244      0.25446756
    33.600       0.74593988      0.25406012
    33.700       0.74657201      0.25342799
    33.800       0.74800034      0.25199966
    33.900       0.74883733      0.25116267
    34.000       0.74954781      0.25045219
    34.100       0.75055599      0.24944401
    34.200       0.75137029      0.24862971
    34.300       0.75191188      0.24808812
    34.400       0.75242773      0.24757227
    34.500       0.75350656      0.24649344
    34.600       0.75370932      0.24629068
    34.700       0.75443683      0.24556317
    34.800       0.75466399      0.24533601
    34.900       0.75538390      0.24461610
    35.000       0.75556527      0.24443473
    35.100       0.75566557      0.24433443
    35.200       0.75636197      0.24363803
    35.300       0.75655068      0.24344932
    35.400       0.75683465      0.24316535
    35.500       0.75697767      0.24302233
    35.600       0.75683480      0.24316520
    35.700       0.75697723      0.24302277
    35.800       0.75711558      0.24288442
    35.900       0.75682691      0.24317309
    36.000       0.75677586      0.24322414
    36.100       0.75692053      0.24307947
    36.200       0.75738642      0.24261358
    36.300       0.75737803      0.24262197
    36.400       0.75767693      0.24232307
    36.500       0.75790417      0.24209583
    36.600       0.75815230      0.24184770
    36.700       0.75822376      0.24177624
    36.800       0.75851006      0.24148994
    36.900       0.75869566      0.24130434
    37.000       0.75895374      0.24104626
    37.100       0.75902150      0.24097850
    37.200       0.75911516      0.24088484
    37.300       0.75924920      0.24075080
    37.400       0.75939842      0.24060158
    37.500       0.75949026      0.24050974
    37.600       0.75958508      0.24041492
    37.700       0.75968492      0.24031508
    37.800       0.75978713      0.24021287
    37.900       0.75981150      0.24018850
    38.000       0.75992773      0.24007227
    38.100       0.76016108      0.23983892
    38.200       0.76014483      0.23985517
    38.300       0.76028206      0.23971794
    38.400       0.76045078      0.23954922
    38.500       0.76058656      0.23941344
    38.600       0.76066221      0.23933779
    38.700       0.76084766      0.23915234
    38.800       0.76087568      0.23912432
    38.900       0.76088864      0.23911136
    39.000       0.76095859      0.23904141
    39.100       0.76093323      0.23906677
    39.200       0.76098403      0.23901597
    39.300       0.76091953      0.23908047
    39.400       0.76099493      0.23900507
    39.500       0.76108852      0.23891148
    39.600       0.76109739      0.23890261
    39.700       0.76119442      0.23880558
    39.800       0.76129578      0.23870422
    39.900       0.76142955      0.23857045
    40.000       0.76154755      0.23845245
    40.100       0.76165125      0.23834875
    40.200       0.76174913      0.23825087
    40.300       0.76181377      0.23818623
    40.400       0.76193302      0.23806698
    40.500       0.76205050      0.23794950
    40.600       0.76220264      0.23779736
    40.700       0.76232975      0.23767025
    40.800       0.76244088      0.23755912
    40.900       0.76255742      0.23744258
    41.000       0.76269735      0.23730265
    41.100       0.76284508      0.23715492
    41.200       0.76300322      0.23699678
    41.300       0.76317094      0.23682906
    41.400       0.76343303      0.23656697
    41.500       0.76372961      0.23627039
    41.600       0.76396071      0.23603929
    41.700       0.76416323      0.23583677
    41.800       0.76438015      0.23561985
    41.900       0.76464416      0.23535584
    42.000       0.76490973      0.23509027
    42.100       0.76519223      0.23480777
    42.200       0.76554203      0.23445797
    42.300       0.76585091      0.23414909
    42.400       0.76622173      0.23377827
    42.500       0.76655560      0.23344440
    42.600       0.76687817      0.23312183
    42.700       0.76719096      0.23280904
    42.800       0.76758882      0.23241118
    42.900       0.76801047      0.23198953
    43.000       0.76844061      0.23155939
    43.100       0.76890318      0.23109682
    43.200       0.76938495      0.23061505
    43.300       0.76983432      0.23016568
    43.400       0.77028602      0.22971398
    43.500       0.77088478      0.22911522
    43.600       0.77151066      0.22848934
    43.700       0.77206884      0.22793116
    43.800       0.77263672      0.22736328
    43.900       0.77329077      0.22670923
    44.000       0.77383212      0.22616788
    44.100       0.77440149      0.22559851
    44.200       0.77511479      0.22488521
    44.300       0.77582991      0.22417009
    44.400       0.77637109      0.22362891
    44.500       0.77713234      0.22286766
    44.600       0.77795230      0.22204770
    44.700       0.77860582      0.22139418
    44.800       0.77936933      0.22063067
    44.900       0.78005342      0.21994658
    45.000       0.78085884      0.21914116
    45.100       0.78175106      0.21824894
    45.200       0.78248001      0.21751999
    45.300       0.78316446      0.21683554
    45.400       0.78404746      0.21595254
    45.500       0.78473808      0.21526192
    45.600       0.78549162      0.21450838
    45.700       0.78631645      0.21368355
    45.800       0.78708381      0.21291619
    45.900       0.78756031      0.21243969
    46.000       0.78819331      0.21180669
    46.100       0.78879278      0.21120722
    46.200       0.78924734      0.21075266
    46.300       0.78974156      0.21025844
    46.400       0.79021426      0.20978574
    46.500       0.79044002      0.20955998
    46.600       0.79089427      0.20910573
    46.700       0.79124648      0.20875352
    46.800       0.79155949      0.20844051
    46.900       0.79168384      0.20831616
    47.000       0.79196239      0.20803761
    47.100       0.79202678      0.20797322
    47.200       0.79205941      0.20794059
    47.300       0.79221818      0.20778182
    47.400       0.79244993      0.20755007
    47.500       0.79251494      0.20748506
    47.600       0.79268130      0.20731870
    47.700       0.79297342      0.20702658
    47.800       0.79320290      0.20679710
    47.900       0.79332048      0.20667952
    48.000       0.79320583      0.20679417
    48.100       0.79340194      0.20659806
    48.200       0.79377127      0.20622873
    48.300       0.79406216      0.20593784
    48.400       0.79456257      0.20543743
    48.500       0.79497956      0.20502044
    48.600       0.79552248      0.20447752
    48.700       0.79605363      0.20394637
    48.800       0.79646155      0.20353845
    48.900       0.79678867      0.20321133
    49.000       0.79728875      0.20271125
    49.100       0.79819568      0.20180432
    49.200       0.79897932      0.20102068
    49.300       0.79983945      0.20016055
    49.400       0.80022489      0.19977511
    49.500       0.80114604      0.19885396
    49.600       0.80236372      0.19763628
    49.700       0.80324256      0.19675744
    49.800       0.80453615      0.19546385
    49.900       0.80535186      0.19464814
    50.000       0.80655319      0.19344681
    50.100       0.80770584      0.19229416
    50.200       0.80903453      0.19096547
    50.300       0.81057223      0.18942777
    50.400       0.81167915      0.18832085
    50.500       0.81362268      0.18637732
    50.600       0.81482264      0.18517736
    50.700       0.81641881      0.18358119
    50.800       0.81818826      0.18181174
    50.900       0.81979473      0.18020527
    51.000       0.82106657      0.17893343
    51.100       0.82288656      0.17711344
    51.200       0.82458456      0.17541544
    51.300       0.82633315      0.17366685
    51.400       0.82796218      0.17203782
    51.500       0.82986037      0.17013963
    51.600       0.83154597      0.16845403
    51.700       0.83334220      0.16665780
    51.800       0.83492755      0.16507245
    51.900       0.83653192      0.16346808
    52.000       0.83821062      0.16178938
    52.100       0.84001250      0.15998750
    52.200       0.84149789      0.15850211
    52.300       0.84296087      0.15703913
    52.400       0.84418784      0.15581216
    52.500       0.84605807      0.15394193
    52.600       0.84724928      0.15275072
    52.700       0.84878941      0.15121059
    52.800       0.85041785      0.14958215
    52.900       0.85173358      0.14826642
    53.000       0.85314935      0.14685065
    53.100       0.85462628      0.14537372
    53.200       0.85558986      0.14441014
    53.300       0.85683085      0.14316915
    53.400       0.85784258      0.14215742
    53.500       0.85908434      0.14091566
    53.600       0.85979214      0.14020786
    53.700       0.86126202      0.13873798
    53.800       0.86244042      0.13755958
    53.900       0.86325372      0.13674628
    54.000       0.86458778      0.13541222
    54.100       0.86528835      0.13471165
    54.200       0.86610500      0.13389500
    54.300       0.86686124      0.13313876
    54.400       0.86746293      0.13253707
    54.500       0.86821072      0.13178928
    54.600       0.86869956      0.13130044
    54.700       0.86979075      0.13020925
    54.800       0.87001281      0.12998719
    54.900       0.87069809      0.12930191
    55.000       0.87131986      0.12868014
    55.100       0.87188071      0.12811929
    55.200       0.87224782      0.12775218
    55.300       0.87248704      0.12751296
    55.400       0.87282126      0.12717874
    55.500       0.87330576      0.12669424
    55.600       0.87349331      0.12650669
    55.700       0.87353912      0.12646088
    55.800       0.87392373      0.12607627
    55.900       0.87437398      0.12562602
    56.000       0.87481265      0.12518735
    56.100       0.87520280      0.12479720
    56.200       0.87552843      0.12447157
    56.300       0.87583224      0.12416776
    56.400       0.87603313      0.12396687
    56.500       0.87602401      0.12397599
    56.600       0.87620246      0.12379754
    56.700       0.87612448      0.12387552
    56.800       0.87620484      0.12379516
    56.900       0.87647856      0.12352144
    57.000       0.87670814      0.12329186
    57.100       0.87707206      0.12292794
    57.200       0.87726304      0.12273696
    57.300       0.87731177      0.12268823
    57.400       0.87746297      0.12253703
    57.500       0.87755714      0.12244286
    57.600       0.87767269      0.12232731
    57.700       0.87778379      0.12221621
    57.800       0.87796190      0.12203810
    57.900       0.87809026      0.12190974
    58.000       0.87813659      0.12186341
    58.100       0.87840275      0.12159725
    58.200       0.87849772      0.12150228
    58.300       0.87861842      0.12138158
    58.400       0.87890598      0.12109402
    58.500       0.87904672      0.12095328
    58.600       0.87926866      0.12073134
    58.700       0.87941380      0.12058620
    58.800       0.87952249      0.12047751
    58.900       0.87959194      0.12040806
    59.000       0.87973676      0.12026324
    59.100       0.87979872      0.12020128
    59.200       0.87981765      0.12018235
    59.300       0.87989997      0.12010003
    59.400       0.88008020      0.11991980
    59.500       0.88000448      0.11999552
    59.600       0.88007903      0.11992097
    59.700       0.88010883      0.11989117
    59.800       0.88014897      0.11985103
    59.900       0.88025352      0.11974648
    60.000       0.88028951      0.11971049
    60.100       0.88023703      0.11976297
    60.200       0.88029181      0.11970819
    60.300       0.88035278      0.11964722
    60.400       0.88043023      0.11956977
    60.500       0.88049304      0.11950696
    60.600       0.88065823      0.11934177
    60.700       0.88070072      0.11929928
    60.800       0.88083520      0.11916480
    60.900       0.88102138      0.11897862
    61.000       0.88113375      0.11886625
    61.100       0.88117350      0.11882650
    61.200       0.88128656      0.11871344
    61.300       0.88130713      0.11869287
    61.400       0.88132921      0.11867079
    61.500       0.88138127      0.11861873
    61.600       0.88141102      0.11858898
    61.700       0.88141549      0.11858451
    61.800       0.88141239      0.11858761
    61.900       0.88150247      0.11849753
    62.000       0.88156136      0.11843864
    62.100       0.88168696      0.11831304
    62.200       0.88174639      0.11825361
    62.300       0.88181828      0.11818172
    62.400       0.88184683      0.11815317
    62.500       0.88194608      0.11805392
    62.600       0.88200775      0.11799225
    62.700       0.88205305      0.11794695
    62.800       0.88209243      0.11790757
    62.900       0.88211614      0.11788386
    63.000       0.88213439      0.11786561
    63.100       0.88212530      0.11787470
    63.200       0.88220187      0.11779813
    63.300       0.88221921      0.11778079
    63.400       0.88233316      0.11766684
    63.500       0.88232365      0.11767635
    63.600       0.88234583      0.11765417
    63.700       0.88238086      0.11761914
    63.800       0.88242535      0.11757465
    63.900       0.88237944      0.11762056
    64.000       0.88241915      0.11758085
    64.100       0.88238079      0.11761921
    64.200       0.88248873      0.11751127
    64.300       0.88264664      0.11735336
    64.400       0.88261295      0.11738705
    64.500       0.88265944      0.11734056
    64.600       0.88270028      0.11729972
    64.700       0.88272866      0.11727134
    64.800       0.88295969      0.11704031
    64.900       0.88295328      0.11704672
    65.000       0.88296878      0.11703122
    65.100       0.88297302      0.11702698
    65.200       0.88297037      0.11702963
    65.300       0.88297682      0.11702318
    65.400       0.88305935      0.11694065
    65.500       0.88311544      0.11688456
    65.600       0.88314195      0.11685805
    65.700       0.88332336      0.11667664
    65.800       0.88342685      0.11657315
    65.900       0.88358534      0.11641466
    66.000       0.88361108      0.11638892
    66.100       0.88371383      0.11628617
    66.200       0.88372574      0.11627426
    66.300       0.88370429      0.11629571
    66.400       0.88371913      0.11628087
    66.500       0.88397605      0.11602395
    66.600       0.88418151      0.11581849
    66.700       0.88455003      0.11544997
    66.800       0.88475714      0.11524286
    66.900       0.88497141      0.11502859
    67.000       0.88525061      0.11474939
    67.100       0.88542224      0.11457776
    67.200       0.88556108      0.11443892
    67.300       0.88578834      0.11421166
    67.400       0.88606419      0.11393581
    67.500       0.88631964      0.11368036
    67.600       0.88655181      0.11344819
    67.700       0.88698706      0.11301294
    67.800       0.88731772      0.11268228
    67.900       0.88763734      0.11236266
    68.000       0.88762126      0.11237874
    68.100       0.88779702      0.11220298
    68.200       0.88805791      0.11194209
    68.300       0.88855467      0.11144533
    68.400       0.88900353      0.11099647
    68.500       0.88940281      0.11059719
    68.600       0.88986840      0.11013160
    68.700       0.89018276      0.10981724
    68.800       0.89064185      0.10935815
    68.900       0.89129613      0.10870387
    69.000       0.89193239      0.10806761
    69.100       0.89230541      0.10769459
    69.200       0.89278838      0.10721162
    69.300       0.89318062      0.10681938
    69.400       0.89367795      0.10632205
    69.500       0.89388827      0.10611173
    69.600       0.89450980      0.10549020
    69.700       0.89479619      0.10520381
    69.800       0.89522273      0.10477727
    69.900       0.89544387      0.10455613
    70.000       0.89579173      0.10420827
    70.100       0.89607176      0.10392824
    70.200       0.89651207      0.10348793
    70.300       0.89685355      0.10314645
    70.400       0.89725147      0.10274853
    70.500       0.89786019      0.10213981
    70.600       0.89850963      0.10149037
    70.700       0.89891981      0.10108019
    70.800       0.89956251      0.10043749
    70.900       0.89972292      0.10027708
    71.000       0.90013404      0.09986596
    71.100       0.90066069      0.09933931
    71.200       0.90096752      0.09903248
    71.300       0.90146391      0.09853609
    71.400       0.90192738      0.09807262
    71.500       0.90209288      0.09790712
    71.600       0.90234948      0.09765052
    71.700       0.90274206      0.09725794
    71.800       0.90317369      0.09682631
    71.900       0.90344607      0.09655393
    72.000       0.90386362      0.09613638
    72.100       0.90429811      0.09570189
    72.200       0.90467912      0.09532088
    72.300       0.90499450      0.09500550
    72.400       0.90507914      0.09492086
    72.500       0.90555301      0.09444699
    72.600       0.90589464      0.09410536
    72.700       0.90629367      0.09370633
    72.800       0.90666591      0.09333409
    72.900       0.90699332      0.09300668
    73.000       0.90713118      0.09286882
    73.100       0.90749238      0.09250762
    73.200       0.90762949      0.09237051
    73.300       0.90807085      0.09192915
    73.400       0.90832703      0.09167297
    73.500       0.90852408      0.09147592
    73.600       0.90896626      0.09103374
    73.700       0.90940386      0.09059614
    73.800       0.90953336      0.09046664
    73.900       0.90978851      0.09021149
    74.000       0.90998623      0.09001377
    74.100       0.91006629      0.08993371
    74.200       0.91022806      0.08977194
    74.300       0.91037721      0.08962279
    74.400       0.91069853      0.08930147
    74.500       0.91093215      0.08906785
    74.600       0.91110902      0.08889098
    74.700       0.91144737      0.08855263
    74.800       0.91168518      0.08831482
    74.900       0.91192539      0.08807461
    75.000       0.91209309      0.08790691
    75.100       0.91227101      0.08772899
    75.200       0.91242905      0.08757095
    75.300       0.91269342      0.08730658
    75.400       0.91281429      0.08718571
    75.500       0.91296975      0.08703025
    75.600       0.91307898      0.08692102
    75.700       0.91321387      0.08678613
    75.800       0.91329710      0.08670290
    75.900       0.91339113      0.08660887
    76.000       0.91351053      0.08648947
    76.100       0.91364614      0.08635386
    76.200       0.91378459      0.08621541
    76.300       0.91397623      0.08602377
    76.400       0.91411580      0.08588420
    76.500       0.91414671      0.08585329
    76.600       0.91436363      0.08563637
    76.700       0.91445479      0.08554521
    76.800       0.91452904      0.08547096
    76.900       0.91461249      0.08538751
    77.000       0.91487249      0.08512751
    77.100       0.91500004      0.08499996
    77.200       0.91514749      0.08485251
    77.300       0.91530907      0.08469093
    77.400       0.91538194      0.08461806
    77.500       0.91548471      0.08451529
    77.600       0.91562897      0.08437103
    77.700       0.91581889      0.08418111
    77.800       0.91599793      0.08400207
    77.900       0.91611487      0.08388513
    78.000       0.91627686      0.08372314
    78.100       0.91637686      0.08362314
    78.200       0.91646221      0.08353779
    78.300       0.91660818      0.08339182
    78.400       0.91682247      0.08317753
    78.500       0.91695691      0.08304309
    78.600       0.91712472      0.08287528
    78.700       0.91727623      0.08272377
    78.800       0.91739364      0.08260636
    78.900       0.91747408      0.08252592
    79.000       0.91758626      0.08241374
    79.100       0.91770535      0.08229465
    79.200       0.91782063      0.08217937
    79.300       0.91786716      0.08213284
    79.400       0.91798603      0.08201397
    79.500       0.91802689      0.08197311
    79.600       0.91807590      0.08192410
    79.700       0.91819417      0.08180583
    79.800       0.91832112      0.08167888
    79.900       0.91838011      0.08161989
    80.000       0.91850243      0.08149757
    80.100       0.91869367      0.08130633
    80.200       0.91886867      0.08113133
    80.300       0.91917781      0.08082219
    80.400       0.91932387      0.08067613
    80.500       0.91952157      0.08047843
    80.600       0.91960730      0.08039270
    80.700       0.91986079      0.08013921
    80.800       0.92007222      0.07992778
    80.900       0.92029257      0.07970743
    81.000       0.92042066      0.07957934
    81.100       0.92071119      0.07928881
    81.200       0.92081619      0.07918381
    81.300       0.92093193      0.07906807
    81.400       0.92116367      0.07883633
    81.500       0.92134252      0.07865748
    81.600       0.92149724      0.07850276
    81.700       0.92159872      0.07840128
    81.800       0.92179832      0.07820168
    81.900       0.92195884      0.07804116
    82.000       0.92221669      0.07778331
    82.100       0.92233710      0.07766290
    82.200       0.92245172      0.07754828
    82.300       0.92259154      0.07740846
    82.400       0.92277447      0.07722553
    82.500       0.92302666      0.07697334
    82.600       0.92319173      0.07680827
    82.700       0.92347616      0.07652384
    82.800       0.92375961      0.07624039
    82.900       0.92399964      0.07600036
    83.000       0.92425872      0.07574128
    83.100       0.92444602      0.07555398
    83.200       0.92464994      0.07535006
    83.300       0.92476626      0.07523374
    83.400       0.92491601      0.07508399
    83.500       0.92502793      0.07497207
    83.600       0.92518609      0.07481391
    83.700       0.92524805      0.07475195
    83.800       0.92544420      0.07455580
    83.900       0.92584491      0.07415509
    84.000       0.92603209      0.07396791
    84.100       0.92631468      0.07368532
    84.200       0.92648474      0.07351526
    84.300       0.92664676      0.07335324
    84.400       0.92680881      0.07319119
    84.500       0.92683768      0.07316232
    84.600       0.92702890      0.07297110
    84.700       0.92733848      0.07266152
    84.800       0.92750260      0.07249740
    84.900       0.92758080      0.07241920
    85.000       0.92796130      0.07203870
    85.100       0.92820823      0.07179177
    85.200       0.92838148      0.07161852
    85.300       0.92858924      0.07141076
    85.400       0.92891508      0.07108492
    85.500       0.92927246      0.07072754
    85.600       0.92954569      0.07045431
    85.700       0.92983729      0.07016271
    85.800       0.93025799      0.06974201
    85.900       0.93057186      0.06942814
    86.000       0.93088825      0.06911175
    86.100       0.93115167      0.06884833
    86.200       0.93141076      0.06858924
    86.300       0.93166569      0.06833431
    86.400       0.93181128      0.06818872
    86.500       0.93205214      0.06794786
    86.600       0.93232737      0.06767263
    86.700       0.93269220      0.06730780
    86.800       0.93293543      0.06706457
    86.900       0.93296477      0.06703523
    87.000       0.93319812      0.06680188
    87.100       0.93361473      0.06638527
    87.200       0.93398202      0.06601798
    87.300       0.93424883      0.06575117
    87.400       0.93434641      0.06565359
    87.500       0.93447125      0.06552875
    87.600       0.93471975      0.06528025
    87.700       0.93490084      0.06509916
    87.800       0.93491478      0.06508522
    87.900       0.93507159      0.06492841
    88.000       0.93517929      0.06482071
    88.100       0.93543871      0.06456129
    88.200       0.93563484      0.06436516
    88.300       0.93586825      0.06413175
    88.400       0.93620167      0.06379833
    88.500       0.93655518      0.06344482
    88.600       0.93681011      0.06318989
    88.700       0.93715015      0.06284985
    88.800       0.93751078      0.06248922
    88.900       0.93771768      0.06228232
    89.000       0.93807144      0.06192856
    89.100       0.93830941      0.06169059
    89.200       0.93850661      0.06149339
    89.300       0.93866457      0.06133543
    89.400       0.93882853      0.06117147
    89.500       0.93892540      0.06107460
    89.600       0.93902939      0.06097061
    89.700       0.93910345      0.06089655
    89.800       0.93937970      0.06062030
    89.900       0.93949891      0.06050109
    90.000       0.93962898      0.06037102
    90.100       0.93972729      0.06027271
    90.200       0.93985887      0.06014113
    90.300       0.94001171      0.05998829
    90.400       0.94003202      0.05996798
    90.500       0.94029888      0.05970112
    90.600       0.94035568      0.05964432
    90.700       0.94056041      0.05943959
    90.800       0.94071464      0.05928536
    90.900       0.94082214      0.05917786
    91.000       0.94091367      0.05908633
    91.100       0.94101617      0.05898383
    91.200       0.94114358      0.05885642
    91.300       0.94124628      0.05875372
    91.400       0.94134358      0.05865642
    91.500       0.94151139      0.05848861
    91.600       0.94157706      0.05842294
    91.700       0.94160560      0.05839440
    91.800       0.94161899      0.05838101
    91.900       0.94165092      0.05834908
    92.000       0.94164874      0.05835126
    92.100       0.94170232      0.05829768
    92.200       0.94176496      0.05823504
    92.300       0.94182180      0.05817820
    92.400       0.94186945      0.05813055
    92.500       0.94198466      0.05801534
    92.600       0.94205315      0.05794685
    92.700       0.94214721      0.05785279
    92.800       0.94212419      0.05787581
    92.900       0.94216322      0.05783678
    93.000       0.94219653      0.05780347
    93.100       0.94216986      0.05783014
    93.200       0.94220295      0.05779705
    93.300       0.94218903      0.05781097
    93.400       0.94222256      0.05777744
    93.500       0.94225792      0.05774208
    93.600       0.94229405      0.05770595
    93.700       0.94235058      0.05764942
    93.800       0.94238920      0.05761080
    93.900       0.94246122      0.05753878
    94.000       0.94248838      0.05751162
    94.100       0.94252066      0.05747934
    94.200       0.94255055      0.05744945
    94.300       0.94257597      0.05742403
    94.400       0.94259840      0.05740160
    94.500       0.94262068      0.05737932
    94.600       0.94264486      0.05735514
    94.700       0.94266368      0.05733632
    94.800       0.94268454      0.05731546
    94.900       0.94278653      0.05721347
    95.000       0.94280802      0.05719198
    95.100       0.94283009      0.05716991
    95.200       0.94284942      0.05715058
    95.300       0.94286831      0.05713169
    95.400       0.94288840      0.05711160
    95.500       0.94291276      0.05708724
    95.600       0.94294124      0.05705876
    95.700       0.94295800      0.05704200
    95.800       0.94297293      0.05702707
    95.900       0.94299546      0.05700454
    96.000       0.94301445      0.05698555
    96.100       0.94303701      0.05696299
    96.200       0.94306104      0.05693896
    96.300       0.94308461      0.05691539
    96.400       0.94310958      0.05689042
    96.500       0.94311360      0.05688640
    96.600       0.94316132      0.05683868
    96.700       0.94318301      0.05681699
    96.800       0.94320568      0.05679432
    96.900       0.94323155      0.05676845
    97.000       0.94322268      0.05677732
    97.100       0.94324166      0.05675834
    97.200       0.94326282      0.05673718
    97.300       0.94328392      0.05671608
    97.400       0.94331528      0.05668472
    97.500       0.94334092      0.05665908
    97.600       0.94341526      0.05658474
    97.700       0.94342993      0.05657007
    97.800       0.94341192      0.05658808
    97.900       0.94341498      0.05658502
    98.000       0.94348947      0.05651053
    98.100       0.94345335      0.05654665
    98.200       0.94347358      0.05652642
    98.300       0.94349293      0.05650707
    98.400       0.94350724      0.05649276
    98.500       0.94352434      0.05647566
    98.600       0.94353684      0.05646316
    98.700       0.94354547      0.05645453
    98.800       0.94356233      0.05643767
    98.900       0.94357077      0.05642923
    99.000       0.94359189      0.05640811
    99.100       0.94362167      0.05637833
    99.200       0.94363930      0.05636070
    99.300       0.94362824      0.05637176
    99.400       0.94367981      0.05632019
    99.500       0.94370380      0.05629620
    99.600       0.94372594      0.05627406
    99.700       0.94379556      0.05620444
    99.800       0.94374095      0.05625905
    99.900       0.94375800      0.05624200
   100.000       0.94377775      0.05622225
